#
# There is insufficient memory for the Java Runtime Environment to continue.
# Native memory allocation (malloc) failed to allocate 553776 bytes for Chunk::new
# Possible reasons:
#   The system is out of physical RAM or swap space
#   The process is running with CompressedOops enabled, and the Java Heap may be blocking the growth of the native heap
# Possible solutions:
#   Reduce memory load on the system
#   Increase physical memory or swap space
#   Check if swap backing store is full
#   Decrease Java heap size (-Xmx/-Xms)
#   Decrease number of Java threads
#   Decrease Java thread stack sizes (-Xss)
#   Set larger code cache with -XX:ReservedCodeCacheSize=
#   JVM is running with Unscaled Compressed Oops mode in which the Java heap is
#     placed in the first 4GB address space. The Java Heap base address is the
#     maximum limit for the native heap growth. Please use -XX:HeapBaseMinAddress
#     to set the Java Heap base and to place the Java Heap above 4GB virtual address.
# This output file may be truncated or incomplete.
#
#  Out of Memory Error (arena.cpp:189), pid=3796, tid=5096
#
# JRE version: OpenJDK Runtime Environment Temurin-17.0.3+7 (17.0.3+7) (build 17.0.3+7)
# Java VM: OpenJDK 64-Bit Server VM Temurin-17.0.3+7 (17.0.3+7, mixed mode, tiered, compressed oops, compressed class ptrs, g1 gc, windows-amd64)
# No core dump will be written. Minidumps are not enabled by default on client versions of Windows
#

---------------  S U M M A R Y ------------

Command Line: -Dfile.encoding=UTF-8 -XX:+ShowCodeDetailsInExceptionMessages Grafica.MainMenu

Host: AMD Ryzen 3 3250U with Radeon Graphics         , 4 cores, 5G,  Windows 11 , 64 bit Build 22621 (10.0.22621.3085)
Time: Mon Mar  4 18:52:07 2024 Hora estándar de Argentina elapsed time: 2.951872 seconds (0d 0h 0m 2s)

---------------  T H R E A D  ---------------

Current thread (0x000002c67ffbc530):  JavaThread "C2 CompilerThread0" daemon [_thread_in_native, id=5096, stack(0x000000ee9ed00000,0x000000ee9ee00000)]


Current CompileTask:
C2:   2952  895       4       sun.awt.image.PNGImageDecoder::filterRow (460 bytes)

Stack: [0x000000ee9ed00000,0x000000ee9ee00000]
Native frames: (J=compiled Java code, j=interpreted, Vv=VM code, C=native code)
V  [jvm.dll+0x675efa]
V  [jvm.dll+0x830a24]
V  [jvm.dll+0x8321ce]
V  [jvm.dll+0x832833]
V  [jvm.dll+0x2454b5]
V  [jvm.dll+0xabd7b]
V  [jvm.dll+0xac30c]
V  [jvm.dll+0x2ac5bf]
V  [jvm.dll+0x57cd09]
V  [jvm.dll+0x22056d]
V  [jvm.dll+0x22094f]
V  [jvm.dll+0x21a1b5]
V  [jvm.dll+0x21767b]
V  [jvm.dll+0x1a3ccd]
V  [jvm.dll+0x227178]
V  [jvm.dll+0x2252bc]
V  [jvm.dll+0x7e673b]
V  [jvm.dll+0x7e0cfa]
V  [jvm.dll+0x674d85]
C  [ucrtbase.dll+0x29363]
C  [KERNEL32.DLL+0x1257d]
C  [ntdll.dll+0x5aa58]


---------------  P R O C E S S  ---------------

Threads class SMR info:
_java_thread_list=0x000002c604ae8fb0, length=19, elements={
0x000002c67ff691e0, 0x000002c67ff6dab0, 0x000002c67ffaffd0, 0x000002c67ffb0ca0,
0x000002c67ffb2600, 0x000002c67ffb7380, 0x000002c67ffbc530, 0x000002c6041867a0,
0x000002c67ffe8b90, 0x000002c60428a260, 0x000002c6042a1290, 0x000002c604519ed0,
0x000002c604516eb0, 0x000002c6045169e0, 0x000002c604517380, 0x000002c604519530,
0x000002c604518b90, 0x000002c604516510, 0x000002c60a973090
}

Java Threads: ( => current thread )
  0x000002c67ff691e0 JavaThread "Reference Handler" daemon [_thread_blocked, id=1704, stack(0x000000ee9e700000,0x000000ee9e800000)]
  0x000002c67ff6dab0 JavaThread "Finalizer" daemon [_thread_blocked, id=9972, stack(0x000000ee9e800000,0x000000ee9e900000)]
  0x000002c67ffaffd0 JavaThread "Signal Dispatcher" daemon [_thread_blocked, id=3776, stack(0x000000ee9e900000,0x000000ee9ea00000)]
  0x000002c67ffb0ca0 JavaThread "Attach Listener" daemon [_thread_blocked, id=624, stack(0x000000ee9ea00000,0x000000ee9eb00000)]
  0x000002c67ffb2600 JavaThread "Service Thread" daemon [_thread_blocked, id=2840, stack(0x000000ee9eb00000,0x000000ee9ec00000)]
  0x000002c67ffb7380 JavaThread "Monitor Deflation Thread" daemon [_thread_blocked, id=14044, stack(0x000000ee9ec00000,0x000000ee9ed00000)]
=>0x000002c67ffbc530 JavaThread "C2 CompilerThread0" daemon [_thread_in_native, id=5096, stack(0x000000ee9ed00000,0x000000ee9ee00000)]
  0x000002c6041867a0 JavaThread "C1 CompilerThread0" daemon [_thread_blocked, id=14224, stack(0x000000ee9ee00000,0x000000ee9ef00000)]
  0x000002c67ffe8b90 JavaThread "Sweeper thread" daemon [_thread_blocked, id=4104, stack(0x000000ee9ef00000,0x000000ee9f000000)]
  0x000002c60428a260 JavaThread "Notification Thread" daemon [_thread_blocked, id=13436, stack(0x000000ee9f000000,0x000000ee9f100000)]
  0x000002c6042a1290 JavaThread "Common-Cleaner" daemon [_thread_blocked, id=6948, stack(0x000000ee9f200000,0x000000ee9f300000)]
  0x000002c604519ed0 JavaThread "Java2D Disposer" daemon [_thread_blocked, id=576, stack(0x000000ee9f300000,0x000000ee9f400000)]
  0x000002c604516eb0 JavaThread "AWT-Shutdown" [_thread_blocked, id=6304, stack(0x000000ee9f400000,0x000000ee9f500000)]
  0x000002c6045169e0 JavaThread "AWT-Windows" daemon [_thread_in_native, id=9244, stack(0x000000ee9f500000,0x000000ee9f600000)]
  0x000002c604517380 JavaThread "AWT-EventQueue-0" [_thread_blocked, id=1268, stack(0x000000ee9f600000,0x000000ee9f700000)]
  0x000002c604519530 JavaThread "DestroyJavaVM" [_thread_blocked, id=10560, stack(0x000000ee9de00000,0x000000ee9df00000)]
  0x000002c604518b90 JavaThread "Image Fetcher 0" daemon [_thread_in_Java, id=3816, stack(0x000000ee9fd00000,0x000000ee9fe00000)]
  0x000002c604516510 JavaThread "D3D Screen Updater" daemon [_thread_blocked, id=10420, stack(0x000000ee9ff00000,0x000000eea0000000)]
  0x000002c60a973090 JavaThread "C2 CompilerThread1" daemon [_thread_in_native, id=9564, stack(0x000000ee9fe00000,0x000000ee9ff00000)]

Other Threads:
  0x000002c67ff2a4b0 VMThread "VM Thread" [stack: 0x000000ee9e600000,0x000000ee9e700000] [id=5540]
  0x000002c604291760 WatcherThread [stack: 0x000000ee9f100000,0x000000ee9f200000] [id=5468]
  0x000002c66b3ac7c0 GCTaskThread "GC Thread#0" [stack: 0x000000ee9e100000,0x000000ee9e200000] [id=11984]
  0x000002c66b3b9480 ConcurrentGCThread "G1 Main Marker" [stack: 0x000000ee9e200000,0x000000ee9e300000] [id=4348]
  0x000002c66b3ba630 ConcurrentGCThread "G1 Conc#0" [stack: 0x000000ee9e300000,0x000000ee9e400000] [id=3468]
  0x000002c66b41bdb0 ConcurrentGCThread "G1 Refine#0" [stack: 0x000000ee9e400000,0x000000ee9e500000] [id=4268]
  0x000002c66b41c7d0 ConcurrentGCThread "G1 Service" [stack: 0x000000ee9e500000,0x000000ee9e600000] [id=3288]

Threads with active compile tasks:
C2 CompilerThread0     2981  895       4       sun.awt.image.PNGImageDecoder::filterRow (460 bytes)
C2 CompilerThread1     2981  916 %     4       java.awt.image.AreaAveragingScaleFilter::accumPixels @ 161 (545 bytes)

VM state: not at safepoint (normal execution)

VM Mutex/Monitor currently owned by a thread: None

Heap address: 0x00000000a1400000, size: 1516 MB, Compressed Oops mode: 32-bit

CDS archive(s) not mapped
Compressed class space mapped at: 0x0000000100000000-0x0000000140000000, reserved size: 1073741824
Narrow klass base: 0x0000000000000000, Narrow klass shift: 3, Narrow klass range: 0x140000000

GC Precious Log:
 CPUs: 4 total, 4 available
 Memory: 6058M
 Large Page Support: Disabled
 NUMA Support: Disabled
 Compressed Oops: Enabled (32-bit)
 Heap Region Size: 1M
 Heap Min Capacity: 8M
 Heap Initial Capacity: 96M
 Heap Max Capacity: 1516M
 Pre-touch: Disabled
 Parallel Workers: 4
 Concurrent Workers: 1
 Concurrent Refinement Workers: 4
 Periodic GC: Disabled

Heap:
 garbage-first heap   total 98304K, used 20480K [0x00000000a1400000, 0x0000000100000000)
  region size 1024K, 13 young (13312K), 0 survivors (0K)
 Metaspace       used 14180K, committed 14400K, reserved 1064960K
  class space    used 1420K, committed 1536K, reserved 1048576K

Heap Regions: E=young(eden), S=young(survivor), O=old, HS=humongous(starts), HC=humongous(continues), CS=collection set, F=free, OA=open archive, CA=closed archive, TAMS=top-at-mark-start (previous, next)
|   0|0x00000000a1400000, 0x00000000a1500000, 0x00000000a1500000|100%|HS|  |TAMS 0x00000000a1400000, 0x00000000a1400000| Complete 
|   1|0x00000000a1500000, 0x00000000a1600000, 0x00000000a1600000|100%|HS|  |TAMS 0x00000000a1500000, 0x00000000a1500000| Complete 
|   2|0x00000000a1600000, 0x00000000a1700000, 0x00000000a1700000|100%|HC|  |TAMS 0x00000000a1600000, 0x00000000a1600000| Complete 
|   3|0x00000000a1700000, 0x00000000a1800000, 0x00000000a1800000|100%|HC|  |TAMS 0x00000000a1700000, 0x00000000a1700000| Complete 
|   4|0x00000000a1800000, 0x00000000a1900000, 0x00000000a1900000|100%|HS|  |TAMS 0x00000000a1800000, 0x00000000a1800000| Complete 
|   5|0x00000000a1900000, 0x00000000a1a00000, 0x00000000a1a00000|100%|HS|  |TAMS 0x00000000a1900000, 0x00000000a1900000| Complete 
|   6|0x00000000a1a00000, 0x00000000a1b00000, 0x00000000a1b00000|100%|HC|  |TAMS 0x00000000a1a00000, 0x00000000a1a00000| Complete 
|   7|0x00000000a1b00000, 0x00000000a1c00000, 0x00000000a1c00000|100%|HC|  |TAMS 0x00000000a1b00000, 0x00000000a1b00000| Complete 
|   8|0x00000000a1c00000, 0x00000000a1c00000, 0x00000000a1d00000|  0%| F|  |TAMS 0x00000000a1c00000, 0x00000000a1c00000| Untracked 
|   9|0x00000000a1d00000, 0x00000000a1d00000, 0x00000000a1e00000|  0%| F|  |TAMS 0x00000000a1d00000, 0x00000000a1d00000| Untracked 
|  10|0x00000000a1e00000, 0x00000000a1e00000, 0x00000000a1f00000|  0%| F|  |TAMS 0x00000000a1e00000, 0x00000000a1e00000| Untracked 
|  11|0x00000000a1f00000, 0x00000000a1f00000, 0x00000000a2000000|  0%| F|  |TAMS 0x00000000a1f00000, 0x00000000a1f00000| Untracked 
|  12|0x00000000a2000000, 0x00000000a2000000, 0x00000000a2100000|  0%| F|  |TAMS 0x00000000a2000000, 0x00000000a2000000| Untracked 
|  13|0x00000000a2100000, 0x00000000a2100000, 0x00000000a2200000|  0%| F|  |TAMS 0x00000000a2100000, 0x00000000a2100000| Untracked 
|  14|0x00000000a2200000, 0x00000000a2200000, 0x00000000a2300000|  0%| F|  |TAMS 0x00000000a2200000, 0x00000000a2200000| Untracked 
|  15|0x00000000a2300000, 0x00000000a2300000, 0x00000000a2400000|  0%| F|  |TAMS 0x00000000a2300000, 0x00000000a2300000| Untracked 
|  16|0x00000000a2400000, 0x00000000a2400000, 0x00000000a2500000|  0%| F|  |TAMS 0x00000000a2400000, 0x00000000a2400000| Untracked 
|  17|0x00000000a2500000, 0x00000000a2500000, 0x00000000a2600000|  0%| F|  |TAMS 0x00000000a2500000, 0x00000000a2500000| Untracked 
|  18|0x00000000a2600000, 0x00000000a2600000, 0x00000000a2700000|  0%| F|  |TAMS 0x00000000a2600000, 0x00000000a2600000| Untracked 
|  19|0x00000000a2700000, 0x00000000a2700000, 0x00000000a2800000|  0%| F|  |TAMS 0x00000000a2700000, 0x00000000a2700000| Untracked 
|  20|0x00000000a2800000, 0x00000000a2800000, 0x00000000a2900000|  0%| F|  |TAMS 0x00000000a2800000, 0x00000000a2800000| Untracked 
|  21|0x00000000a2900000, 0x00000000a2900000, 0x00000000a2a00000|  0%| F|  |TAMS 0x00000000a2900000, 0x00000000a2900000| Untracked 
|  22|0x00000000a2a00000, 0x00000000a2a00000, 0x00000000a2b00000|  0%| F|  |TAMS 0x00000000a2a00000, 0x00000000a2a00000| Untracked 
|  23|0x00000000a2b00000, 0x00000000a2b00000, 0x00000000a2c00000|  0%| F|  |TAMS 0x00000000a2b00000, 0x00000000a2b00000| Untracked 
|  24|0x00000000a2c00000, 0x00000000a2c00000, 0x00000000a2d00000|  0%| F|  |TAMS 0x00000000a2c00000, 0x00000000a2c00000| Untracked 
|  25|0x00000000a2d00000, 0x00000000a2d00000, 0x00000000a2e00000|  0%| F|  |TAMS 0x00000000a2d00000, 0x00000000a2d00000| Untracked 
|  26|0x00000000a2e00000, 0x00000000a2e00000, 0x00000000a2f00000|  0%| F|  |TAMS 0x00000000a2e00000, 0x00000000a2e00000| Untracked 
|  27|0x00000000a2f00000, 0x00000000a2f00000, 0x00000000a3000000|  0%| F|  |TAMS 0x00000000a2f00000, 0x00000000a2f00000| Untracked 
|  28|0x00000000a3000000, 0x00000000a3000000, 0x00000000a3100000|  0%| F|  |TAMS 0x00000000a3000000, 0x00000000a3000000| Untracked 
|  29|0x00000000a3100000, 0x00000000a3100000, 0x00000000a3200000|  0%| F|  |TAMS 0x00000000a3100000, 0x00000000a3100000| Untracked 
|  30|0x00000000a3200000, 0x00000000a3200000, 0x00000000a3300000|  0%| F|  |TAMS 0x00000000a3200000, 0x00000000a3200000| Untracked 
|  31|0x00000000a3300000, 0x00000000a3300000, 0x00000000a3400000|  0%| F|  |TAMS 0x00000000a3300000, 0x00000000a3300000| Untracked 
|  32|0x00000000a3400000, 0x00000000a3400000, 0x00000000a3500000|  0%| F|  |TAMS 0x00000000a3400000, 0x00000000a3400000| Untracked 
|  33|0x00000000a3500000, 0x00000000a3500000, 0x00000000a3600000|  0%| F|  |TAMS 0x00000000a3500000, 0x00000000a3500000| Untracked 
|  34|0x00000000a3600000, 0x00000000a3600000, 0x00000000a3700000|  0%| F|  |TAMS 0x00000000a3600000, 0x00000000a3600000| Untracked 
|  35|0x00000000a3700000, 0x00000000a3700000, 0x00000000a3800000|  0%| F|  |TAMS 0x00000000a3700000, 0x00000000a3700000| Untracked 
|  36|0x00000000a3800000, 0x00000000a3800000, 0x00000000a3900000|  0%| F|  |TAMS 0x00000000a3800000, 0x00000000a3800000| Untracked 
|  37|0x00000000a3900000, 0x00000000a3900000, 0x00000000a3a00000|  0%| F|  |TAMS 0x00000000a3900000, 0x00000000a3900000| Untracked 
|  38|0x00000000a3a00000, 0x00000000a3a00000, 0x00000000a3b00000|  0%| F|  |TAMS 0x00000000a3a00000, 0x00000000a3a00000| Untracked 
|  39|0x00000000a3b00000, 0x00000000a3b00000, 0x00000000a3c00000|  0%| F|  |TAMS 0x00000000a3b00000, 0x00000000a3b00000| Untracked 
|  40|0x00000000a3c00000, 0x00000000a3c00000, 0x00000000a3d00000|  0%| F|  |TAMS 0x00000000a3c00000, 0x00000000a3c00000| Untracked 
|  41|0x00000000a3d00000, 0x00000000a3d00000, 0x00000000a3e00000|  0%| F|  |TAMS 0x00000000a3d00000, 0x00000000a3d00000| Untracked 
|  42|0x00000000a3e00000, 0x00000000a3e00000, 0x00000000a3f00000|  0%| F|  |TAMS 0x00000000a3e00000, 0x00000000a3e00000| Untracked 
|  43|0x00000000a3f00000, 0x00000000a3f00000, 0x00000000a4000000|  0%| F|  |TAMS 0x00000000a3f00000, 0x00000000a3f00000| Untracked 
|  44|0x00000000a4000000, 0x00000000a4000000, 0x00000000a4100000|  0%| F|  |TAMS 0x00000000a4000000, 0x00000000a4000000| Untracked 
|  45|0x00000000a4100000, 0x00000000a4100000, 0x00000000a4200000|  0%| F|  |TAMS 0x00000000a4100000, 0x00000000a4100000| Untracked 
|  46|0x00000000a4200000, 0x00000000a4200000, 0x00000000a4300000|  0%| F|  |TAMS 0x00000000a4200000, 0x00000000a4200000| Untracked 
|  47|0x00000000a4300000, 0x00000000a4300000, 0x00000000a4400000|  0%| F|  |TAMS 0x00000000a4300000, 0x00000000a4300000| Untracked 
|  48|0x00000000a4400000, 0x00000000a4400000, 0x00000000a4500000|  0%| F|  |TAMS 0x00000000a4400000, 0x00000000a4400000| Untracked 
|  49|0x00000000a4500000, 0x00000000a4500000, 0x00000000a4600000|  0%| F|  |TAMS 0x00000000a4500000, 0x00000000a4500000| Untracked 
|  50|0x00000000a4600000, 0x00000000a4600000, 0x00000000a4700000|  0%| F|  |TAMS 0x00000000a4600000, 0x00000000a4600000| Untracked 
|  51|0x00000000a4700000, 0x00000000a4700000, 0x00000000a4800000|  0%| F|  |TAMS 0x00000000a4700000, 0x00000000a4700000| Untracked 
|  52|0x00000000a4800000, 0x00000000a4800000, 0x00000000a4900000|  0%| F|  |TAMS 0x00000000a4800000, 0x00000000a4800000| Untracked 
|  53|0x00000000a4900000, 0x00000000a4900000, 0x00000000a4a00000|  0%| F|  |TAMS 0x00000000a4900000, 0x00000000a4900000| Untracked 
|  54|0x00000000a4a00000, 0x00000000a4a00000, 0x00000000a4b00000|  0%| F|  |TAMS 0x00000000a4a00000, 0x00000000a4a00000| Untracked 
|  55|0x00000000a4b00000, 0x00000000a4b00000, 0x00000000a4c00000|  0%| F|  |TAMS 0x00000000a4b00000, 0x00000000a4b00000| Untracked 
|  56|0x00000000a4c00000, 0x00000000a4c00000, 0x00000000a4d00000|  0%| F|  |TAMS 0x00000000a4c00000, 0x00000000a4c00000| Untracked 
|  57|0x00000000a4d00000, 0x00000000a4d00000, 0x00000000a4e00000|  0%| F|  |TAMS 0x00000000a4d00000, 0x00000000a4d00000| Untracked 
|  58|0x00000000a4e00000, 0x00000000a4e00000, 0x00000000a4f00000|  0%| F|  |TAMS 0x00000000a4e00000, 0x00000000a4e00000| Untracked 
|  59|0x00000000a4f00000, 0x00000000a4f00000, 0x00000000a5000000|  0%| F|  |TAMS 0x00000000a4f00000, 0x00000000a4f00000| Untracked 
|  60|0x00000000a5000000, 0x00000000a5000000, 0x00000000a5100000|  0%| F|  |TAMS 0x00000000a5000000, 0x00000000a5000000| Untracked 
|  61|0x00000000a5100000, 0x00000000a5100000, 0x00000000a5200000|  0%| F|  |TAMS 0x00000000a5100000, 0x00000000a5100000| Untracked 
|  62|0x00000000a5200000, 0x00000000a5200000, 0x00000000a5300000|  0%| F|  |TAMS 0x00000000a5200000, 0x00000000a5200000| Untracked 
|  63|0x00000000a5300000, 0x00000000a5300000, 0x00000000a5400000|  0%| F|  |TAMS 0x00000000a5300000, 0x00000000a5300000| Untracked 
|  64|0x00000000a5400000, 0x00000000a5400000, 0x00000000a5500000|  0%| F|  |TAMS 0x00000000a5400000, 0x00000000a5400000| Untracked 
|  65|0x00000000a5500000, 0x00000000a5500000, 0x00000000a5600000|  0%| F|  |TAMS 0x00000000a5500000, 0x00000000a5500000| Untracked 
|  66|0x00000000a5600000, 0x00000000a5600000, 0x00000000a5700000|  0%| F|  |TAMS 0x00000000a5600000, 0x00000000a5600000| Untracked 
|  67|0x00000000a5700000, 0x00000000a5700000, 0x00000000a5800000|  0%| F|  |TAMS 0x00000000a5700000, 0x00000000a5700000| Untracked 
|  68|0x00000000a5800000, 0x00000000a5800000, 0x00000000a5900000|  0%| F|  |TAMS 0x00000000a5800000, 0x00000000a5800000| Untracked 
|  69|0x00000000a5900000, 0x00000000a5900000, 0x00000000a5a00000|  0%| F|  |TAMS 0x00000000a5900000, 0x00000000a5900000| Untracked 
|  70|0x00000000a5a00000, 0x00000000a5a00000, 0x00000000a5b00000|  0%| F|  |TAMS 0x00000000a5a00000, 0x00000000a5a00000| Untracked 
|  71|0x00000000a5b00000, 0x00000000a5b00000, 0x00000000a5c00000|  0%| F|  |TAMS 0x00000000a5b00000, 0x00000000a5b00000| Untracked 
|  72|0x00000000a5c00000, 0x00000000a5c00000, 0x00000000a5d00000|  0%| F|  |TAMS 0x00000000a5c00000, 0x00000000a5c00000| Untracked 
|  73|0x00000000a5d00000, 0x00000000a5d00000, 0x00000000a5e00000|  0%| F|  |TAMS 0x00000000a5d00000, 0x00000000a5d00000| Untracked 
|  74|0x00000000a5e00000, 0x00000000a5e00000, 0x00000000a5f00000|  0%| F|  |TAMS 0x00000000a5e00000, 0x00000000a5e00000| Untracked 
|  75|0x00000000a5f00000, 0x00000000a5f00000, 0x00000000a6000000|  0%| F|  |TAMS 0x00000000a5f00000, 0x00000000a5f00000| Untracked 
|  76|0x00000000a6000000, 0x00000000a6000000, 0x00000000a6100000|  0%| F|  |TAMS 0x00000000a6000000, 0x00000000a6000000| Untracked 
|  77|0x00000000a6100000, 0x00000000a6100000, 0x00000000a6200000|  0%| F|  |TAMS 0x00000000a6100000, 0x00000000a6100000| Untracked 
|  78|0x00000000a6200000, 0x00000000a6200000, 0x00000000a6300000|  0%| F|  |TAMS 0x00000000a6200000, 0x00000000a6200000| Untracked 
|  79|0x00000000a6300000, 0x00000000a6300000, 0x00000000a6400000|  0%| F|  |TAMS 0x00000000a6300000, 0x00000000a6300000| Untracked 
|  80|0x00000000a6400000, 0x00000000a6400000, 0x00000000a6500000|  0%| F|  |TAMS 0x00000000a6400000, 0x00000000a6400000| Untracked 
|  81|0x00000000a6500000, 0x00000000a6500000, 0x00000000a6600000|  0%| F|  |TAMS 0x00000000a6500000, 0x00000000a6500000| Untracked 
|  82|0x00000000a6600000, 0x00000000a6600000, 0x00000000a6700000|  0%| F|  |TAMS 0x00000000a6600000, 0x00000000a6600000| Untracked 
|  83|0x00000000a6700000, 0x00000000a67872f8, 0x00000000a6800000| 52%| E|  |TAMS 0x00000000a6700000, 0x00000000a6700000| Complete 
|  84|0x00000000a6800000, 0x00000000a6900000, 0x00000000a6900000|100%| E|CS|TAMS 0x00000000a6800000, 0x00000000a6800000| Complete 
|  85|0x00000000a6900000, 0x00000000a6a00000, 0x00000000a6a00000|100%| E|CS|TAMS 0x00000000a6900000, 0x00000000a6900000| Complete 
|  86|0x00000000a6a00000, 0x00000000a6b00000, 0x00000000a6b00000|100%| E|CS|TAMS 0x00000000a6a00000, 0x00000000a6a00000| Complete 
|  87|0x00000000a6b00000, 0x00000000a6c00000, 0x00000000a6c00000|100%| E|CS|TAMS 0x00000000a6b00000, 0x00000000a6b00000| Complete 
|  88|0x00000000a6c00000, 0x00000000a6d00000, 0x00000000a6d00000|100%| E|CS|TAMS 0x00000000a6c00000, 0x00000000a6c00000| Complete 
|  89|0x00000000a6d00000, 0x00000000a6e00000, 0x00000000a6e00000|100%| E|CS|TAMS 0x00000000a6d00000, 0x00000000a6d00000| Complete 
|  90|0x00000000a6e00000, 0x00000000a6f00000, 0x00000000a6f00000|100%| E|CS|TAMS 0x00000000a6e00000, 0x00000000a6e00000| Complete 
|  91|0x00000000a6f00000, 0x00000000a7000000, 0x00000000a7000000|100%| E|CS|TAMS 0x00000000a6f00000, 0x00000000a6f00000| Complete 
|  92|0x00000000a7000000, 0x00000000a7100000, 0x00000000a7100000|100%| E|CS|TAMS 0x00000000a7000000, 0x00000000a7000000| Complete 
|  93|0x00000000a7100000, 0x00000000a7200000, 0x00000000a7200000|100%| E|CS|TAMS 0x00000000a7100000, 0x00000000a7100000| Complete 
|  94|0x00000000a7200000, 0x00000000a7300000, 0x00000000a7300000|100%| E|CS|TAMS 0x00000000a7200000, 0x00000000a7200000| Complete 
|  95|0x00000000a7300000, 0x00000000a7400000, 0x00000000a7400000|100%| E|CS|TAMS 0x00000000a7300000, 0x00000000a7300000| Complete 

Card table byte_map: [0x000002c67dd10000,0x000002c67e010000] _byte_map_base: 0x000002c67d806000

Marking Bits (Prev, Next): (CMBitMap*) 0x000002c66b3acdd0, (CMBitMap*) 0x000002c66b3ace10
 Prev Bits: [0x000002c67e310000, 0x000002c67fac0000)
 Next Bits: [0x000002c600000000, 0x000002c6017b0000)

Polling page: 0x000002c669360000

Metaspace:

Usage:
  Non-class:     12.46 MB used.
      Class:      1.39 MB used.
       Both:     13.85 MB used.

Virtual space:
  Non-class space:       16.00 MB reserved,      12.56 MB ( 79%) committed,  2 nodes.
      Class space:        1.00 GB reserved,       1.50 MB ( <1%) committed,  1 nodes.
             Both:        1.02 GB reserved,      14.06 MB (  1%) committed. 

Chunk freelists:
   Non-Class:  2.98 MB
       Class:  2.53 MB
        Both:  5.52 MB

MaxMetaspaceSize: unlimited
CompressedClassSpaceSize: 1.00 GB
Initial GC threshold: 21.00 MB
Current GC threshold: 21.00 MB
CDS: off
MetaspaceReclaimPolicy: balanced
 - commit_granule_bytes: 65536.
 - commit_granule_words: 8192.
 - virtual_space_node_default_size: 1048576.
 - enlarge_chunks_in_place: 1.
 - new_chunks_are_fully_committed: 0.
 - uncommit_free_chunks: 1.
 - use_allocation_guard: 0.
 - handle_deallocations: 1.


Internal statistics:

num_allocs_failed_limit: 0.
num_arena_births: 118.
num_arena_deaths: 0.
num_vsnodes_births: 3.
num_vsnodes_deaths: 0.
num_space_committed: 225.
num_space_uncommitted: 0.
num_chunks_returned_to_freelist: 0.
num_chunks_taken_from_freelist: 174.
num_chunk_merges: 0.
num_chunk_splits: 99.
num_chunks_enlarged: 56.
num_purges: 0.
num_inconsistent_stats: 0.

CodeHeap 'non-profiled nmethods': size=120000Kb used=276Kb max_used=276Kb free=119724Kb
 bounds [0x000002c6764e0000, 0x000002c676750000, 0x000002c67da10000]
CodeHeap 'profiled nmethods': size=120000Kb used=1528Kb max_used=1528Kb free=118471Kb
 bounds [0x000002c66efb0000, 0x000002c66f220000, 0x000002c6764e0000]
CodeHeap 'non-nmethods': size=5760Kb used=1277Kb max_used=1279Kb free=4482Kb
 bounds [0x000002c66ea10000, 0x000002c66ec80000, 0x000002c66efb0000]
 total_blobs=1503 nmethods=912 adapters=502
 compilation: enabled
              stopped_count=0, restarted_count=0
 full_count=0

Compilation events (20 events):
Event: 2.906 Thread 0x000002c6041867a0  914       3       sun.awt.image.ImageDecoder::setPixels (58 bytes)
Event: 2.906 Thread 0x000002c60a973090 nmethod 905 0x000002c676523390 code [0x000002c676523540, 0x000002c6765236f8]
Event: 2.906 Thread 0x000002c60a973090  906       4       java.awt.image.DirectColorModel::getAlpha (54 bytes)
Event: 2.906 Thread 0x000002c6041867a0 nmethod 914 0x000002c66f129410 code [0x000002c66f129600, 0x000002c66f129d68]
Event: 2.906 Thread 0x000002c6041867a0  915       3       java.awt.image.AreaAveragingScaleFilter::accumPixels (545 bytes)
Event: 2.908 Thread 0x000002c6041867a0 nmethod 915 0x000002c66f12a010 code [0x000002c66f12a2c0, 0x000002c66f12b3d8]
Event: 2.908 Thread 0x000002c6041867a0  913       3       sun.awt.image.InputStreamImageSource::latchConsumers (6 bytes)
Event: 2.908 Thread 0x000002c60a973090 nmethod 906 0x000002c676523890 code [0x000002c676523a40, 0x000002c676523bb8]
Event: 2.908 Thread 0x000002c60a973090  907       4       java.awt.image.DirectColorModel::getRGB (105 bytes)
Event: 2.908 Thread 0x000002c6041867a0 nmethod 913 0x000002c66f12bb10 code [0x000002c66f12bcc0, 0x000002c66f12c048]
Event: 2.913 Thread 0x000002c60a973090 nmethod 907 0x000002c676523d10 code [0x000002c676523ee0, 0x000002c676524218]
Event: 2.913 Thread 0x000002c60a973090  908       4       java.awt.image.DirectColorModel::getRed (45 bytes)
Event: 2.915 Thread 0x000002c60a973090 nmethod 908 0x000002c676524510 code [0x000002c6765246c0, 0x000002c676524878]
Event: 2.915 Thread 0x000002c60a973090  909       4       java.awt.image.DirectColorModel::getGreen (45 bytes)
Event: 2.917 Thread 0x000002c60a973090 nmethod 909 0x000002c676524a90 code [0x000002c676524c40, 0x000002c676524df8]
Event: 2.917 Thread 0x000002c60a973090  916 %     4       java.awt.image.AreaAveragingScaleFilter::accumPixels @ 161 (545 bytes)
Event: 2.931 Thread 0x000002c6041867a0  917 %     3       java.awt.image.AreaAveragingScaleFilter::calcRow @ 49 (257 bytes)
Event: 2.932 Thread 0x000002c6041867a0 nmethod 917% 0x000002c66f12c190 code [0x000002c66f12c3e0, 0x000002c66f12ce98]
Event: 2.933 Thread 0x000002c6041867a0  918       3       java.awt.image.AreaAveragingScaleFilter::calcRow (257 bytes)
Event: 2.934 Thread 0x000002c6041867a0 nmethod 918 0x000002c66f12d290 code [0x000002c66f12d4e0, 0x000002c66f12def8]

GC Heap History (0 events):
No events

Deoptimization events (20 events):
Event: 1.356 Thread 0x000002c604518b90 Uncommon trap: trap_request=0xffffff45 fr.pc=0x000002c67650b384 relative=0x0000000000001244
Event: 1.356 Thread 0x000002c604518b90 Uncommon trap: reason=unstable_if action=reinterpret pc=0x000002c67650b384 method=sun.awt.image.PNGImageDecoder.produceImage()V @ 867 c2
Event: 1.356 Thread 0x000002c604518b90 DEOPT PACKING pc=0x000002c67650b384 sp=0x000000ee9fdfeff0
Event: 1.356 Thread 0x000002c604518b90 DEOPT UNPACKING pc=0x000002c66ea623a3 sp=0x000000ee9fdfef40 mode 2
Event: 1.429 Thread 0x000002c604517380 Uncommon trap: trap_request=0xffffff45 fr.pc=0x000002c676503140 relative=0x0000000000000340
Event: 1.429 Thread 0x000002c604517380 Uncommon trap: reason=unstable_if action=reinterpret pc=0x000002c676503140 method=java.lang.StringUTF16.compress([CI[BII)I @ 20 c2
Event: 1.429 Thread 0x000002c604517380 DEOPT PACKING pc=0x000002c676503140 sp=0x000000ee9f6fcd00
Event: 1.429 Thread 0x000002c604517380 DEOPT UNPACKING pc=0x000002c66ea623a3 sp=0x000000ee9f6fcc80 mode 2
Event: 1.562 Thread 0x000002c604517380 Uncommon trap: trap_request=0xffffff45 fr.pc=0x000002c676515d24 relative=0x00000000000007c4
Event: 1.562 Thread 0x000002c604517380 Uncommon trap: reason=unstable_if action=reinterpret pc=0x000002c676515d24 method=java.util.HashMap.putVal(ILjava/lang/Object;Ljava/lang/Object;ZZ)Ljava/lang/Object; @ 181 c2
Event: 1.562 Thread 0x000002c604517380 DEOPT PACKING pc=0x000002c676515d24 sp=0x000000ee9f6fd2c0
Event: 1.562 Thread 0x000002c604517380 DEOPT UNPACKING pc=0x000002c66ea623a3 sp=0x000000ee9f6fd208 mode 2
Event: 2.860 Thread 0x000002c604518b90 DEOPT PACKING pc=0x000002c66f0bf02b sp=0x000000ee9fdfee60
Event: 2.860 Thread 0x000002c604518b90 DEOPT UNPACKING pc=0x000002c66ea62b43 sp=0x000000ee9fdfe300 mode 0
Event: 2.873 Thread 0x000002c604518b90 DEOPT PACKING pc=0x000002c66f0b5d2c sp=0x000000ee9fdfee20
Event: 2.873 Thread 0x000002c604518b90 DEOPT UNPACKING pc=0x000002c66ea62b43 sp=0x000000ee9fdfe2f0 mode 0
Event: 2.873 Thread 0x000002c604518b90 Uncommon trap: trap_request=0xffffffe4 fr.pc=0x000002c67650fd58 relative=0x0000000000001618
Event: 2.873 Thread 0x000002c604518b90 Uncommon trap: reason=range_check action=make_not_entrant pc=0x000002c67650fd58 method=java.awt.image.DirectColorModel.setFields()V @ 6 c2
Event: 2.873 Thread 0x000002c604518b90 DEOPT PACKING pc=0x000002c67650fd58 sp=0x000000ee9fdfee30
Event: 2.873 Thread 0x000002c604518b90 DEOPT UNPACKING pc=0x000002c66ea623a3 sp=0x000000ee9fdfec78 mode 2

Classes unloaded (0 events):
No events

Classes redefined (0 events):
No events

Internal exceptions (13 events):
Event: 0.672 Thread 0x000002c66b35fe90 Exception <a 'java/lang/ClassNotFoundException'{0x00000000a72326f0}: sun/awt/resources/spi/awtProvider> (0x00000000a72326f0) 
thrown [e:\jenkins\tmp\workspace\build\src\src\hotspot\share\classfile\systemDictionary.cpp, line 256]
Event: 0.736 Thread 0x000002c66b35fe90 Exception <a 'java/io/FileNotFoundException'{0x00000000a728d6b8}> (0x00000000a728d6b8) 
thrown [e:\jenkins\tmp\workspace\build\src\src\hotspot\share\prims\jni.cpp, line 516]
Event: 0.753 Thread 0x000002c66b35fe90 Exception <a 'java/io/FileNotFoundException'{0x00000000a72ba6f8}> (0x00000000a72ba6f8) 
thrown [e:\jenkins\tmp\workspace\build\src\src\hotspot\share\prims\jni.cpp, line 516]
Event: 0.832 Thread 0x000002c66b35fe90 Exception <a 'java/lang/NoSuchMethodError'{0x00000000a72f0b70}: 'java.lang.Object java.lang.invoke.DirectMethodHandle$Holder.invokeStaticInit(java.lang.Object)'> (0x00000000a72f0b70) 
thrown [e:\jenkins\tmp\workspace\build\src\src\hotspot\share\interpreter\linkResolver.cpp, line 766]
Event: 1.024 Thread 0x000002c604517380 Exception <a 'java/lang/NoSuchMethodError'{0x00000000a70129e8}: 'void java.lang.invoke.DirectMethodHandle$Holder.invokeSpecial(java.lang.Object, java.lang.Object, java.lang.Object)'> (0x00000000a70129e8) 
thrown [e:\jenkins\tmp\workspace\build\src\src\hotspot\share\interpreter\linkResolver.cpp, line 766]
Event: 1.041 Thread 0x000002c604517380 Exception <a 'java/lang/NoSuchMethodError'{0x00000000a703cb98}: 'java.lang.Object java.lang.invoke.DirectMethodHandle$Holder.newInvokeSpecial(java.lang.Object, java.lang.Object, java.lang.Object, java.lang.Object, java.lang.Object)'> (0x00000000a703cb98) 
thrown [e:\jenkins\tmp\workspace\build\src\src\hotspot\share\interpreter\linkResolver.cpp, line 766]
Event: 1.045 Thread 0x000002c604517380 Exception <a 'java/lang/NoSuchMethodError'{0x00000000a70487e0}: 'java.lang.Object java.lang.invoke.DirectMethodHandle$Holder.invokeStatic(java.lang.Object, int, java.lang.Object, java.lang.Object, java.lang.Object, java.lang.Object)'> (0x00000000a70487e0) 
thrown [e:\jenkins\tmp\workspace\build\src\src\hotspot\share\interpreter\linkResolver.cpp, line 766]
Event: 1.053 Thread 0x000002c604517380 Exception <a 'java/lang/NoSuchMethodError'{0x00000000a706dfa0}: 'java.lang.Object java.lang.invoke.DirectMethodHandle$Holder.invokeStatic(java.lang.Object, int, java.lang.Object)'> (0x00000000a706dfa0) 
thrown [e:\jenkins\tmp\workspace\build\src\src\hotspot\share\interpreter\linkResolver.cpp, line 766]
Event: 1.100 Thread 0x000002c604517380 Exception <a 'java/lang/ClassNotFoundException'{0x00000000a6f26308}: com/sun/swing/internal/plaf/metal/resources/spi/metalProvider> (0x00000000a6f26308) 
thrown [e:\jenkins\tmp\workspace\build\src\src\hotspot\share\classfile\systemDictionary.cpp, line 256]
Event: 1.103 Thread 0x000002c604517380 Exception <a 'java/lang/ClassNotFoundException'{0x00000000a6f2ad60}: com/sun/swing/internal/plaf/basic/resources/spi/basicProvider> (0x00000000a6f2ad60) 
thrown [e:\jenkins\tmp\workspace\build\src\src\hotspot\share\classfile\systemDictionary.cpp, line 256]
Event: 1.253 Thread 0x000002c604518b90 Exception <a 'java/lang/NoSuchMethodError'{0x00000000a6d37dc8}: 'java.lang.Object java.lang.invoke.DirectMethodHandle$Holder.newInvokeSpecial(java.lang.Object, java.lang.Object, java.lang.Object, int, int, int, int, int)'> (0x00000000a6d37dc8) 
thrown [e:\jenkins\tmp\workspace\build\src\src\hotspot\share\interpreter\linkResolver.cpp, line 766]
Event: 1.401 Thread 0x000002c604517380 Exception <a 'java/lang/NoSuchMethodError'{0x00000000a6f79048}: 'void java.lang.invoke.DirectMethodHandle$Holder.invokeStaticInit(java.lang.Object)'> (0x00000000a6f79048) 
thrown [e:\jenkins\tmp\workspace\build\src\src\hotspot\share\interpreter\linkResolver.cpp, line 766]
Event: 1.517 Thread 0x000002c6045169e0 Exception <a 'java/lang/NoSuchMethodError'{0x00000000a710fe78}: 'void java.lang.invoke.DirectMethodHandle$Holder.invokeVirtual(java.lang.Object, java.lang.Object)'> (0x00000000a710fe78) 
thrown [e:\jenkins\tmp\workspace\build\src\src\hotspot\share\interpreter\linkResolver.cpp, line 766]

VM Operations (16 events):
Event: 1.100 Executing VM operation: HandshakeAllThreads
Event: 1.100 Executing VM operation: HandshakeAllThreads done
Event: 1.304 Executing VM operation: HandshakeAllThreads
Event: 1.304 Executing VM operation: HandshakeAllThreads done
Event: 1.447 Executing VM operation: HandshakeAllThreads
Event: 1.447 Executing VM operation: HandshakeAllThreads done
Event: 1.447 Executing VM operation: Cleanup
Event: 1.447 Executing VM operation: Cleanup done
Event: 1.545 Executing VM operation: HandshakeAllThreads
Event: 1.545 Executing VM operation: HandshakeAllThreads done
Event: 1.606 Executing VM operation: HandshakeAllThreads
Event: 1.606 Executing VM operation: HandshakeAllThreads done
Event: 2.616 Executing VM operation: Cleanup
Event: 2.616 Executing VM operation: Cleanup done
Event: 2.874 Executing VM operation: HandshakeAllThreads
Event: 2.874 Executing VM operation: HandshakeAllThreads done

Events (20 events):
Event: 1.666 loading class java/util/concurrent/ForkJoinPool$WorkQueue done
Event: 1.666 loading class java/util/concurrent/ForkJoinWorkerThread
Event: 1.666 loading class java/util/concurrent/ForkJoinWorkerThread done
Event: 2.579 loading class javax/swing/event/ChangeEvent
Event: 2.579 loading class javax/swing/event/ChangeEvent done
Event: 2.854 loading class javax/sound/sampled/LineUnavailableException
Event: 2.854 loading class javax/sound/sampled/LineUnavailableException done
Event: 2.854 loading class javax/sound/sampled/UnsupportedAudioFileException
Event: 2.854 loading class javax/sound/sampled/UnsupportedAudioFileException done
Event: 2.855 loading class java/io/FileWriter
Event: 2.855 loading class java/io/FileWriter done
Event: 2.874 loading class java/awt/image/AreaAveragingScaleFilter
Event: 2.874 loading class java/awt/image/ReplicateScaleFilter
Event: 2.874 loading class java/awt/image/ImageFilter
Event: 2.874 loading class java/awt/image/ImageFilter done
Event: 2.874 loading class java/awt/image/ReplicateScaleFilter done
Event: 2.874 loading class java/awt/image/AreaAveragingScaleFilter done
Event: 2.875 loading class java/awt/image/FilteredImageSource
Event: 2.875 loading class java/awt/image/FilteredImageSource done
Event: 2.904 Thread 0x000002c60a973090 Thread added: 0x000002c60a973090


Dynamic libraries:
0x00007ff6321b0000 - 0x00007ff6321be000 	C:\Users\Usuario\.p2\pool\plugins\org.eclipse.justj.openjdk.hotspot.jre.full.win32.x86_64_17.0.3.v20220515-1416\jre\bin\javaw.exe
0x00007ffa35030000 - 0x00007ffa35247000 	C:\WINDOWS\SYSTEM32\ntdll.dll
0x00007ffa34710000 - 0x00007ffa347d4000 	C:\WINDOWS\System32\KERNEL32.DLL
0x00007ffa32730000 - 0x00007ffa32ad6000 	C:\WINDOWS\System32\KERNELBASE.dll
0x00007ffa32410000 - 0x00007ffa32521000 	C:\WINDOWS\System32\ucrtbase.dll
0x00007ffa1fb00000 - 0x00007ffa1fb18000 	C:\Users\Usuario\.p2\pool\plugins\org.eclipse.justj.openjdk.hotspot.jre.full.win32.x86_64_17.0.3.v20220515-1416\jre\bin\jli.dll
0x00007ffa348e0000 - 0x00007ffa34a8e000 	C:\WINDOWS\System32\USER32.dll
0x00007ffa325b0000 - 0x00007ffa325d6000 	C:\WINDOWS\System32\win32u.dll
0x00007ffa32d80000 - 0x00007ffa32da9000 	C:\WINDOWS\System32\GDI32.dll
0x00007ffa32610000 - 0x00007ffa32728000 	C:\WINDOWS\System32\gdi32full.dll
0x00007ffa32370000 - 0x00007ffa3240a000 	C:\WINDOWS\System32\msvcp_win.dll
0x00007ffa1de10000 - 0x00007ffa1de29000 	C:\Users\Usuario\.p2\pool\plugins\org.eclipse.justj.openjdk.hotspot.jre.full.win32.x86_64_17.0.3.v20220515-1416\jre\bin\VCRUNTIME140.dll
0x00007ffa1dfe0000 - 0x00007ffa1e273000 	C:\WINDOWS\WinSxS\amd64_microsoft.windows.common-controls_6595b64144ccf1df_6.0.22621.2506_none_270c5ae97388e100\COMCTL32.dll
0x00007ffa32db0000 - 0x00007ffa32e57000 	C:\WINDOWS\System32\msvcrt.dll
0x00007ffa32e60000 - 0x00007ffa32e91000 	C:\WINDOWS\System32\IMM32.DLL
0x00007ffa22440000 - 0x00007ffa2244c000 	C:\Users\Usuario\.p2\pool\plugins\org.eclipse.justj.openjdk.hotspot.jre.full.win32.x86_64_17.0.3.v20220515-1416\jre\bin\vcruntime140_1.dll
0x00007ffa00640000 - 0x00007ffa006d1000 	C:\Users\Usuario\.p2\pool\plugins\org.eclipse.justj.openjdk.hotspot.jre.full.win32.x86_64_17.0.3.v20220515-1416\jre\bin\msvcp140.dll
0x00007ff9f7fd0000 - 0x00007ff9f8c18000 	C:\Users\Usuario\.p2\pool\plugins\org.eclipse.justj.openjdk.hotspot.jre.full.win32.x86_64_17.0.3.v20220515-1416\jre\bin\server\jvm.dll
0x00007ffa33000000 - 0x00007ffa330b3000 	C:\WINDOWS\System32\ADVAPI32.dll
0x00007ffa34600000 - 0x00007ffa346a8000 	C:\WINDOWS\System32\sechost.dll
0x00007ffa325e0000 - 0x00007ffa32608000 	C:\WINDOWS\System32\bcrypt.dll
0x00007ffa33e30000 - 0x00007ffa33f47000 	C:\WINDOWS\System32\RPCRT4.dll
0x00007ffa33b20000 - 0x00007ffa33b28000 	C:\WINDOWS\System32\PSAPI.DLL
0x00007ffa2f620000 - 0x00007ffa2f629000 	C:\WINDOWS\SYSTEM32\WSOCK32.dll
0x00007ffa34860000 - 0x00007ffa348d1000 	C:\WINDOWS\System32\WS2_32.dll
0x00007ffa2afe0000 - 0x00007ffa2b014000 	C:\WINDOWS\SYSTEM32\WINMM.dll
0x00007ffa2b490000 - 0x00007ffa2b49a000 	C:\WINDOWS\SYSTEM32\VERSION.dll
0x00007ffa313b0000 - 0x00007ffa313c8000 	C:\WINDOWS\SYSTEM32\kernel.appcore.dll
0x00007ffa2d5e0000 - 0x00007ffa2d5ea000 	C:\Users\Usuario\.p2\pool\plugins\org.eclipse.justj.openjdk.hotspot.jre.full.win32.x86_64_17.0.3.v20220515-1416\jre\bin\jimage.dll
0x00007ffa21840000 - 0x00007ffa21a73000 	C:\WINDOWS\SYSTEM32\DBGHELP.DLL
0x00007ffa34ab0000 - 0x00007ffa34e39000 	C:\WINDOWS\System32\combase.dll
0x00007ffa330c0000 - 0x00007ffa33197000 	C:\WINDOWS\System32\OLEAUT32.dll
0x00007ffa101c0000 - 0x00007ffa101f2000 	C:\WINDOWS\SYSTEM32\dbgcore.DLL
0x00007ffa32530000 - 0x00007ffa325aa000 	C:\WINDOWS\System32\bcryptPrimitives.dll
0x00007ffa22270000 - 0x00007ffa22295000 	C:\Users\Usuario\.p2\pool\plugins\org.eclipse.justj.openjdk.hotspot.jre.full.win32.x86_64_17.0.3.v20220515-1416\jre\bin\java.dll
0x00007ffa2c4b0000 - 0x00007ffa2c4c8000 	C:\Users\Usuario\.p2\pool\plugins\org.eclipse.justj.openjdk.hotspot.jre.full.win32.x86_64_17.0.3.v20220515-1416\jre\bin\zip.dll
0x00007ffa331b0000 - 0x00007ffa33a0b000 	C:\WINDOWS\System32\SHELL32.dll
0x00007ffa302d0000 - 0x00007ffa30bc6000 	C:\WINDOWS\SYSTEM32\windows.storage.dll
0x00007ffa30190000 - 0x00007ffa302ce000 	C:\WINDOWS\SYSTEM32\wintypes.dll
0x00007ffa34ef0000 - 0x00007ffa34fe3000 	C:\WINDOWS\System32\SHCORE.dll
0x00007ffa346b0000 - 0x00007ffa3470e000 	C:\WINDOWS\System32\shlwapi.dll
0x00007ffa322a0000 - 0x00007ffa322c6000 	C:\WINDOWS\SYSTEM32\profapi.dll
0x00007ff9fe760000 - 0x00007ff9fe8ee000 	C:\Users\Usuario\.p2\pool\plugins\org.eclipse.justj.openjdk.hotspot.jre.full.win32.x86_64_17.0.3.v20220515-1416\jre\bin\awt.dll
0x00007ffa2f720000 - 0x00007ffa2f7b7000 	C:\WINDOWS\SYSTEM32\apphelp.dll
0x00007ffa2f8e0000 - 0x00007ffa2f98b000 	C:\WINDOWS\system32\uxtheme.dll
0x00007ffa32ea0000 - 0x00007ffa32ff1000 	C:\WINDOWS\System32\MSCTF.dll
0x00007ffa33b90000 - 0x00007ffa33d30000 	C:\WINDOWS\System32\ole32.dll
0x00007ffa2fb40000 - 0x00007ffa2fb6b000 	C:\WINDOWS\system32\DWMAPI.DLL
0x00007ffa00540000 - 0x00007ffa00640000 	C:\WINDOWS\system32\opengl32.dll
0x00007ffa1ddc0000 - 0x00007ffa1dded000 	C:\WINDOWS\SYSTEM32\GLU32.dll
0x00007ffa2f9f0000 - 0x00007ffa2fa29000 	C:\WINDOWS\SYSTEM32\dxcore.dll
0x00007ff9f5f70000 - 0x00007ff9f6119000 	C:\WINDOWS\system32\d3d9.dll
0x00007ffa29b50000 - 0x00007ffa29d0b000 	C:\WINDOWS\System32\DriverStore\FileRepository\u0389648.inf_amd64_00a4b5829b82c480\B385477\aticfx64.dll
0x00007ffa15db0000 - 0x00007ffa15de4000 	C:\WINDOWS\System32\DriverStore\FileRepository\u0389648.inf_amd64_00a4b5829b82c480\B385477\atiu9p64.dll
0x00007ff9f7270000 - 0x00007ff9f7fc5000 	C:\WINDOWS\System32\DriverStore\FileRepository\u0389648.inf_amd64_00a4b5829b82c480\B385477\atiumd64.dll
0x000000005bd60000 - 0x000000005cc87000 	C:\WINDOWS\System32\DriverStore\FileRepository\u0389648.inf_amd64_00a4b5829b82c480\B385477\atiumd6a.dll
0x00007ffa33fb0000 - 0x00007ffa34424000 	C:\WINDOWS\System32\SETUPAPI.dll
0x00007ffa32190000 - 0x00007ffa321dd000 	C:\WINDOWS\SYSTEM32\POWRPROF.dll
0x00007ffa32070000 - 0x00007ffa32083000 	C:\WINDOWS\SYSTEM32\UMPDC.dll
0x00007ffa29a10000 - 0x00007ffa29a45000 	C:\WINDOWS\SYSTEM32\amdihk64.dll
0x00007ffa2d110000 - 0x00007ffa2d15a000 	C:\WINDOWS\SYSTEM32\directxdatabasehelper.dll
0x00007ff9ff350000 - 0x00007ff9ff3d9000 	C:\Users\Usuario\.p2\pool\plugins\org.eclipse.justj.openjdk.hotspot.jre.full.win32.x86_64_17.0.3.v20220515-1416\jre\bin\freetype.dll
0x00007ff9fe6b0000 - 0x00007ff9fe758000 	C:\Users\Usuario\.p2\pool\plugins\org.eclipse.justj.openjdk.hotspot.jre.full.win32.x86_64_17.0.3.v20220515-1416\jre\bin\fontmanager.dll
0x00007ffa1f6b0000 - 0x00007ffa1f7fa000 	C:\WINDOWS\SYSTEM32\textinputframework.dll
0x00007ffa27a70000 - 0x00007ffa27a89000 	C:\Users\Usuario\.p2\pool\plugins\org.eclipse.justj.openjdk.hotspot.jre.full.win32.x86_64_17.0.3.v20220515-1416\jre\bin\net.dll
0x00007ffa2b2a0000 - 0x00007ffa2b3d7000 	C:\WINDOWS\SYSTEM32\WINHTTP.dll
0x00007ffa31830000 - 0x00007ffa31899000 	C:\WINDOWS\system32\mswsock.dll
0x00007ffa20e70000 - 0x00007ffa20e85000 	C:\Users\Usuario\.p2\pool\plugins\org.eclipse.justj.openjdk.hotspot.jre.full.win32.x86_64_17.0.3.v20220515-1416\jre\bin\nio.dll
0x00007ffa2f330000 - 0x00007ffa2f464000 	C:\WINDOWS\SYSTEM32\CoreMessaging.dll
0x00007ffa2c790000 - 0x00007ffa2cafc000 	C:\WINDOWS\SYSTEM32\CoreUIComponents.dll
0x00007ffa31aa0000 - 0x00007ffa31aac000 	C:\WINDOWS\SYSTEM32\CRYPTBASE.DLL

dbghelp: loaded successfully - version: 4.0.5 - missing functions: none
symbol engine: initialized successfully - sym options: 0x614 - pdb path: .;C:\Users\Usuario\.p2\pool\plugins\org.eclipse.justj.openjdk.hotspot.jre.full.win32.x86_64_17.0.3.v20220515-1416\jre\bin;C:\WINDOWS\SYSTEM32;C:\WINDOWS\WinSxS\amd64_microsoft.windows.common-controls_6595b64144ccf1df_6.0.22621.2506_none_270c5ae97388e100;C:\Users\Usuario\.p2\pool\plugins\org.eclipse.justj.openjdk.hotspot.jre.full.win32.x86_64_17.0.3.v20220515-1416\jre\bin\server;C:\WINDOWS\System32\DriverStore\FileRepository\u0389648.inf_amd64_00a4b5829b82c480\B385477

VM Arguments:
jvm_args: -Dfile.encoding=UTF-8 -XX:+ShowCodeDetailsInExceptionMessages 
java_command: Grafica.MainMenu
java_class_path (initial): C:\Users\Usuario\Desktop\tdpWorkspace\RoadFighter\bin
Launcher Type: SUN_STANDARD

[Global flags]
     intx CICompilerCount                          = 3                                         {product} {ergonomic}
     uint ConcGCThreads                            = 1                                         {product} {ergonomic}
     uint G1ConcRefinementThreads                  = 4                                         {product} {ergonomic}
   size_t G1HeapRegionSize                         = 1048576                                   {product} {ergonomic}
    uintx GCDrainStackTargetSize                   = 64                                        {product} {ergonomic}
   size_t InitialHeapSize                          = 100663296                                 {product} {ergonomic}
   size_t MarkStackSize                            = 4194304                                   {product} {ergonomic}
   size_t MaxHeapSize                              = 1589641216                                {product} {ergonomic}
   size_t MaxNewSize                               = 953155584                                 {product} {ergonomic}
   size_t MinHeapDeltaBytes                        = 1048576                                   {product} {ergonomic}
   size_t MinHeapSize                              = 8388608                                   {product} {ergonomic}
    uintx NonNMethodCodeHeapSize                   = 5832780                                {pd product} {ergonomic}
    uintx NonProfiledCodeHeapSize                  = 122912730                              {pd product} {ergonomic}
    uintx ProfiledCodeHeapSize                     = 122912730                              {pd product} {ergonomic}
    uintx ReservedCodeCacheSize                    = 251658240                              {pd product} {ergonomic}
     bool SegmentedCodeCache                       = true                                      {product} {ergonomic}
     bool ShowCodeDetailsInExceptionMessages       = true                                   {manageable} {command line}
   size_t SoftMaxHeapSize                          = 1589641216                             {manageable} {ergonomic}
     bool UseCompressedClassPointers               = true                           {product lp64_product} {ergonomic}
     bool UseCompressedOops                        = true                           {product lp64_product} {ergonomic}
     bool UseG1GC                                  = true                                      {product} {ergonomic}
     bool UseLargePagesIndividualAllocation        = false                                  {pd product} {ergonomic}

Logging:
Log output configuration:
 #0: stdout all=warning uptime,level,tags
 #1: stderr all=off uptime,level,tags

Environment Variables:
PATH=C:/Users/Usuario/.p2/pool/plugins/org.eclipse.justj.openjdk.hotspot.jre.full.win32.x86_64_17.0.3.v20220515-1416/jre/bin/server;C:/Users/Usuario/.p2/pool/plugins/org.eclipse.justj.openjdk.hotspot.jre.full.win32.x86_64_17.0.3.v20220515-1416/jre/bin;D:\Program Files\bin\;C:\Program Files\Common Files\Oracle\Java\javapath;C:\WINDOWS\system32;C:\WINDOWS;C:\WINDOWS\System32\Wbem;C:\WINDOWS\System32\WindowsPowerShell\v1.0\;C:\WINDOWS\System32\OpenSSH\;C:\Users\Usuario\Documents\project_CB\Proyecto;C:\Program Files\Git\cmd;C:\Users\Usuario\AppData\Local\Microsoft\WindowsApps;D:\Program Files\CodeBlocks\MinGW\bin;C:\Users\Usuario\AppData\Local\GitHubDesktop\bin;C:\WINDOWS\System32;
USERNAME=Usuario
OS=Windows_NT
PROCESSOR_IDENTIFIER=AMD64 Family 23 Model 24 Stepping 1, AuthenticAMD



---------------  S Y S T E M  ---------------

OS:
 Windows 11 , 64 bit Build 22621 (10.0.22621.3085)
OS uptime: 2 days 18:50 hours

CPU: total 4 (initial active 4) (4 cores per cpu, 2 threads per core) family 23 model 24 stepping 1 microcode 0x0, cx8, cmov, fxsr, ht, mmx, 3dnowpref, sse, sse2, sse3, ssse3, sse4a, sse4.1, sse4.2, popcnt, lzcnt, tsc, tscinvbit, avx, avx2, aes, clmul, bmi1, bmi2, adx, sha, fma, vzeroupper, clflush, clflushopt

Memory: 4k page, system-wide physical 6058M (660M free)
TotalPageFile size 8106M (AvailPageFile size 5M)
current process WorkingSet (physical memory assigned to process): 97M, peak: 97M
current process commit charge ("private bytes"): 214M, peak: 214M

vm_info: OpenJDK 64-Bit Server VM (17.0.3+7) for windows-amd64 JRE (17.0.3+7), built on Apr 19 2022 16:55:35 by "" with MS VC++ 16.7 (VS2019)

END.
