#
# There is insufficient memory for the Java Runtime Environment to continue.
# Native memory allocation (malloc) failed to allocate 32744 bytes for ChunkPool::allocate
# Possible reasons:
#   The system is out of physical RAM or swap space
#   The process is running with CompressedOops enabled, and the Java Heap may be blocking the growth of the native heap
# Possible solutions:
#   Reduce memory load on the system
#   Increase physical memory or swap space
#   Check if swap backing store is full
#   Decrease Java heap size (-Xmx/-Xms)
#   Decrease number of Java threads
#   Decrease Java thread stack sizes (-Xss)
#   Set larger code cache with -XX:ReservedCodeCacheSize=
#   JVM is running with Unscaled Compressed Oops mode in which the Java heap is
#     placed in the first 4GB address space. The Java Heap base address is the
#     maximum limit for the native heap growth. Please use -XX:HeapBaseMinAddress
#     to set the Java Heap base and to place the Java Heap above 4GB virtual address.
# This output file may be truncated or incomplete.
#
#  Out of Memory Error (arena.cpp:78), pid=12660, tid=13476
#
# JRE version: OpenJDK Runtime Environment Temurin-17.0.3+7 (17.0.3+7) (build 17.0.3+7)
# Java VM: OpenJDK 64-Bit Server VM Temurin-17.0.3+7 (17.0.3+7, mixed mode, tiered, compressed oops, compressed class ptrs, g1 gc, windows-amd64)
# No core dump will be written. Minidumps are not enabled by default on client versions of Windows
#

---------------  S U M M A R Y ------------

Command Line: -Dfile.encoding=UTF-8 -XX:+ShowCodeDetailsInExceptionMessages Grafica.MainMenu

Host: AMD Ryzen 3 3250U with Radeon Graphics         , 4 cores, 5G,  Windows 11 , 64 bit Build 22621 (10.0.22621.3085)
Time: Mon Mar  4 09:51:06 2024 Hora estándar de Argentina elapsed time: 12.462958 seconds (0d 0h 0m 12s)

---------------  T H R E A D  ---------------

Current thread (0x000002b62d44c070):  JavaThread "C2 CompilerThread1" daemon [_thread_in_native, id=13476, stack(0x000000e89ba00000,0x000000e89bb00000)]


Current CompileTask:
C2:  12463 1998   !   4       sun.java2d.SunGraphics2D::drawImage (150 bytes)

Stack: [0x000000e89ba00000,0x000000e89bb00000]
Native frames: (J=compiled Java code, j=interpreted, Vv=VM code, C=native code)
V  [jvm.dll+0x675efa]
V  [jvm.dll+0x830a24]
V  [jvm.dll+0x8321ce]
V  [jvm.dll+0x832833]
V  [jvm.dll+0x2454b5]
V  [jvm.dll+0xabfc0]
V  [jvm.dll+0xac30c]
V  [jvm.dll+0xabe8b]
V  [jvm.dll+0x654739]
V  [jvm.dll+0x79fac]
V  [jvm.dll+0x6089e8]
V  [jvm.dll+0x606aa4]
V  [jvm.dll+0x2181d8]
V  [jvm.dll+0x217781]
V  [jvm.dll+0x1a3ccd]
V  [jvm.dll+0x227178]
V  [jvm.dll+0x2252bc]
V  [jvm.dll+0x7e673b]
V  [jvm.dll+0x7e0cfa]
V  [jvm.dll+0x674d85]
C  [ucrtbase.dll+0x29363]
C  [KERNEL32.DLL+0x1257d]
C  [ntdll.dll+0x5aa58]


---------------  P R O C E S S  ---------------

Threads class SMR info:
_java_thread_list=0x000002b62d2908f0, length=23, elements={
0x000002b6252ebc80, 0x000002b6252ecb20, 0x000002b62533e2a0, 0x000002b6253250c0,
0x000002b625325980, 0x000002b625326330, 0x000002b625334220, 0x000002b625339bc0,
0x000002b625d92d10, 0x000002b625e9c4c0, 0x000002b625eb2010, 0x000002b6262c6040,
0x000002b626123010, 0x000002b62612c130, 0x000002b62612e340, 0x000002b60af9fe20,
0x000002b6265011f0, 0x000002b6268187e0, 0x000002b626830e80, 0x000002b6260b54b0,
0x000002b6260b7660, 0x000002b62d44c070, 0x000002b6260b67f0
}

Java Threads: ( => current thread )
  0x000002b6252ebc80 JavaThread "Reference Handler" daemon [_thread_blocked, id=7828, stack(0x000000e899b00000,0x000000e899c00000)]
  0x000002b6252ecb20 JavaThread "Finalizer" daemon [_thread_blocked, id=11704, stack(0x000000e899c00000,0x000000e899d00000)]
  0x000002b62533e2a0 JavaThread "Signal Dispatcher" daemon [_thread_blocked, id=12656, stack(0x000000e899d00000,0x000000e899e00000)]
  0x000002b6253250c0 JavaThread "Attach Listener" daemon [_thread_blocked, id=10872, stack(0x000000e899e00000,0x000000e899f00000)]
  0x000002b625325980 JavaThread "Service Thread" daemon [_thread_blocked, id=6568, stack(0x000000e899f00000,0x000000e89a000000)]
  0x000002b625326330 JavaThread "Monitor Deflation Thread" daemon [_thread_blocked, id=1724, stack(0x000000e89a000000,0x000000e89a100000)]
  0x000002b625334220 JavaThread "C2 CompilerThread0" daemon [_thread_in_native, id=3200, stack(0x000000e89a100000,0x000000e89a200000)]
  0x000002b625339bc0 JavaThread "C1 CompilerThread0" daemon [_thread_blocked, id=2284, stack(0x000000e89a200000,0x000000e89a300000)]
  0x000002b625d92d10 JavaThread "Sweeper thread" daemon [_thread_blocked, id=4696, stack(0x000000e89a300000,0x000000e89a400000)]
  0x000002b625e9c4c0 JavaThread "Notification Thread" daemon [_thread_blocked, id=3220, stack(0x000000e89a400000,0x000000e89a500000)]
  0x000002b625eb2010 JavaThread "Common-Cleaner" daemon [_thread_blocked, id=7012, stack(0x000000e89a600000,0x000000e89a700000)]
  0x000002b6262c6040 JavaThread "Java2D Disposer" daemon [_thread_blocked, id=12604, stack(0x000000e89a700000,0x000000e89a800000)]
  0x000002b626123010 JavaThread "AWT-Shutdown" [_thread_blocked, id=8368, stack(0x000000e89a800000,0x000000e89a900000)]
  0x000002b62612c130 JavaThread "AWT-Windows" daemon [_thread_in_native, id=8052, stack(0x000000e89a900000,0x000000e89aa00000)]
  0x000002b62612e340 JavaThread "AWT-EventQueue-0" [_thread_in_vm, id=6764, stack(0x000000e89aa00000,0x000000e89ab00000)]
  0x000002b60af9fe20 JavaThread "DestroyJavaVM" [_thread_blocked, id=856, stack(0x000000e899400000,0x000000e899500000)]
  0x000002b6265011f0 JavaThread "Image Fetcher 3" daemon [_thread_blocked, id=5180, stack(0x000000e89b200000,0x000000e89b300000)]
  0x000002b6268187e0 JavaThread "D3D Screen Updater" daemon [_thread_blocked, id=6260, stack(0x000000e89b400000,0x000000e89b500000)]
  0x000002b626830e80 JavaThread "Thread-0" [_thread_blocked, id=1584, stack(0x000000e89b800000,0x000000e89b900000)]
  0x000002b6260b54b0 JavaThread "Image Animator 3" daemon [_thread_blocked, id=8372, stack(0x000000e89bc00000,0x000000e89bd00000)]
  0x000002b6260b7660 JavaThread "TimerQueue" daemon [_thread_blocked, id=11460, stack(0x000000e89bd00000,0x000000e89be00000)]
=>0x000002b62d44c070 JavaThread "C2 CompilerThread1" daemon [_thread_in_native, id=13476, stack(0x000000e89ba00000,0x000000e89bb00000)]
  0x000002b6260b67f0 JavaThread "Image Fetcher 0" daemon [_thread_blocked, id=8812, stack(0x000000e89bb00000,0x000000e89bc00000)]

Other Threads:
  0x000002b625290070 VMThread "VM Thread" [stack: 0x000000e899a00000,0x000000e899b00000] [id=11904]
  0x000002b60b006490 WatcherThread [stack: 0x000000e89a500000,0x000000e89a600000] [id=13540]
  0x000002b60afec810 GCTaskThread "GC Thread#0" [stack: 0x000000e899500000,0x000000e899600000] [id=5188]
  0x000002b626a1eac0 GCTaskThread "GC Thread#1" [stack: 0x000000e89b500000,0x000000e89b600000] [id=9644]
  0x000002b626575c80 GCTaskThread "GC Thread#2" [stack: 0x000000e89b600000,0x000000e89b700000] [id=11772]
  0x000002b62d224cb0 GCTaskThread "GC Thread#3" [stack: 0x000000e89b700000,0x000000e89b800000] [id=4008]
  0x000002b60aff9c70 ConcurrentGCThread "G1 Main Marker" [stack: 0x000000e899600000,0x000000e899700000] [id=1892]
  0x000002b60affa680 ConcurrentGCThread "G1 Conc#0" [stack: 0x000000e899700000,0x000000e899800000] [id=12164]
  0x000002b60b05e750 ConcurrentGCThread "G1 Refine#0" [stack: 0x000000e899800000,0x000000e899900000] [id=896]
  0x000002b60b05f170 ConcurrentGCThread "G1 Service" [stack: 0x000000e899900000,0x000000e899a00000] [id=14140]

Threads with active compile tasks:
C2 CompilerThread0    12499 1999       4       sun.java2d.pipe.DrawImage::copyImage (60 bytes)
C2 CompilerThread1    12499 1998   !   4       sun.java2d.SunGraphics2D::drawImage (150 bytes)

VM state: not at safepoint (normal execution)

VM Mutex/Monitor currently owned by a thread: None

Heap address: 0x00000000a1400000, size: 1516 MB, Compressed Oops mode: 32-bit

CDS archive(s) not mapped
Compressed class space mapped at: 0x0000000100000000-0x0000000140000000, reserved size: 1073741824
Narrow klass base: 0x0000000000000000, Narrow klass shift: 3, Narrow klass range: 0x140000000

GC Precious Log:
 CPUs: 4 total, 4 available
 Memory: 6058M
 Large Page Support: Disabled
 NUMA Support: Disabled
 Compressed Oops: Enabled (32-bit)
 Heap Region Size: 1M
 Heap Min Capacity: 8M
 Heap Initial Capacity: 96M
 Heap Max Capacity: 1516M
 Pre-touch: Disabled
 Parallel Workers: 4
 Concurrent Workers: 1
 Concurrent Refinement Workers: 4
 Periodic GC: Disabled

Heap:
 garbage-first heap   total 98304K, used 52224K [0x00000000a1400000, 0x0000000100000000)
  region size 1024K, 31 young (31744K), 3 survivors (3072K)
 Metaspace       used 15752K, committed 15936K, reserved 1064960K
  class space    used 1561K, committed 1664K, reserved 1048576K

Heap Regions: E=young(eden), S=young(survivor), O=old, HS=humongous(starts), HC=humongous(continues), CS=collection set, F=free, OA=open archive, CA=closed archive, TAMS=top-at-mark-start (previous, next)
|   0|0x00000000a1400000, 0x00000000a1500000, 0x00000000a1500000|100%|HS|  |TAMS 0x00000000a1400000, 0x00000000a1400000| Complete 
|   1|0x00000000a1500000, 0x00000000a1600000, 0x00000000a1600000|100%|HS|  |TAMS 0x00000000a1500000, 0x00000000a1500000| Complete 
|   2|0x00000000a1600000, 0x00000000a1700000, 0x00000000a1700000|100%|HC|  |TAMS 0x00000000a1600000, 0x00000000a1600000| Complete 
|   3|0x00000000a1700000, 0x00000000a1800000, 0x00000000a1800000|100%|HC|  |TAMS 0x00000000a1700000, 0x00000000a1700000| Complete 
|   4|0x00000000a1800000, 0x00000000a1900000, 0x00000000a1900000|100%|HS|  |TAMS 0x00000000a1800000, 0x00000000a1800000| Complete 
|   5|0x00000000a1900000, 0x00000000a1a00000, 0x00000000a1a00000|100%|HS|  |TAMS 0x00000000a1900000, 0x00000000a1900000| Complete 
|   6|0x00000000a1a00000, 0x00000000a1b00000, 0x00000000a1b00000|100%|HC|  |TAMS 0x00000000a1a00000, 0x00000000a1a00000| Complete 
|   7|0x00000000a1b00000, 0x00000000a1c00000, 0x00000000a1c00000|100%|HC|  |TAMS 0x00000000a1b00000, 0x00000000a1b00000| Complete 
|   8|0x00000000a1c00000, 0x00000000a1d00000, 0x00000000a1d00000|100%| O|  |TAMS 0x00000000a1c00000, 0x00000000a1c00000| Untracked 
|   9|0x00000000a1d00000, 0x00000000a1e00000, 0x00000000a1e00000|100%|HS|  |TAMS 0x00000000a1d00000, 0x00000000a1d00000| Complete 
|  10|0x00000000a1e00000, 0x00000000a1f00000, 0x00000000a1f00000|100%|HC|  |TAMS 0x00000000a1e00000, 0x00000000a1e00000| Complete 
|  11|0x00000000a1f00000, 0x00000000a2000000, 0x00000000a2000000|100%|HC|  |TAMS 0x00000000a1f00000, 0x00000000a1f00000| Complete 
|  12|0x00000000a2000000, 0x00000000a2100000, 0x00000000a2100000|100%|HS|  |TAMS 0x00000000a2000000, 0x00000000a2000000| Complete 
|  13|0x00000000a2100000, 0x00000000a2200000, 0x00000000a2200000|100%|HS|  |TAMS 0x00000000a2100000, 0x00000000a2100000| Complete 
|  14|0x00000000a2200000, 0x00000000a2300000, 0x00000000a2300000|100%|HC|  |TAMS 0x00000000a2200000, 0x00000000a2200000| Complete 
|  15|0x00000000a2300000, 0x00000000a2400000, 0x00000000a2400000|100%| O|  |TAMS 0x00000000a2300000, 0x00000000a2300000| Untracked 
|  16|0x00000000a2400000, 0x00000000a2500000, 0x00000000a2500000|100%| O|  |TAMS 0x00000000a2400000, 0x00000000a2400000| Untracked 
|  17|0x00000000a2500000, 0x00000000a2600000, 0x00000000a2600000|100%| O|  |TAMS 0x00000000a2500000, 0x00000000a2500000| Untracked 
|  18|0x00000000a2600000, 0x00000000a2700000, 0x00000000a2700000|100%|HS|  |TAMS 0x00000000a2600000, 0x00000000a2600000| Complete 
|  19|0x00000000a2700000, 0x00000000a2800000, 0x00000000a2800000|100%|HC|  |TAMS 0x00000000a2700000, 0x00000000a2700000| Complete 
|  20|0x00000000a2800000, 0x00000000a2900000, 0x00000000a2900000|100%|HS|  |TAMS 0x00000000a2800000, 0x00000000a2800000| Complete 
|  21|0x00000000a2900000, 0x00000000a2a00000, 0x00000000a2a00000|100%|HS|  |TAMS 0x00000000a2900000, 0x00000000a2900000| Complete 
|  22|0x00000000a2a00000, 0x00000000a2a00000, 0x00000000a2b00000|  0%| F|  |TAMS 0x00000000a2a00000, 0x00000000a2a00000| Untracked 
|  23|0x00000000a2b00000, 0x00000000a2b00000, 0x00000000a2c00000|  0%| F|  |TAMS 0x00000000a2b00000, 0x00000000a2b00000| Untracked 
|  24|0x00000000a2c00000, 0x00000000a2c00000, 0x00000000a2d00000|  0%| F|  |TAMS 0x00000000a2c00000, 0x00000000a2c00000| Untracked 
|  25|0x00000000a2d00000, 0x00000000a2d00000, 0x00000000a2e00000|  0%| F|  |TAMS 0x00000000a2d00000, 0x00000000a2d00000| Untracked 
|  26|0x00000000a2e00000, 0x00000000a2e00000, 0x00000000a2f00000|  0%| F|  |TAMS 0x00000000a2e00000, 0x00000000a2e00000| Untracked 
|  27|0x00000000a2f00000, 0x00000000a2f00000, 0x00000000a3000000|  0%| F|  |TAMS 0x00000000a2f00000, 0x00000000a2f00000| Untracked 
|  28|0x00000000a3000000, 0x00000000a3000000, 0x00000000a3100000|  0%| F|  |TAMS 0x00000000a3000000, 0x00000000a3000000| Untracked 
|  29|0x00000000a3100000, 0x00000000a3100000, 0x00000000a3200000|  0%| F|  |TAMS 0x00000000a3100000, 0x00000000a3100000| Untracked 
|  30|0x00000000a3200000, 0x00000000a3200000, 0x00000000a3300000|  0%| F|  |TAMS 0x00000000a3200000, 0x00000000a3200000| Untracked 
|  31|0x00000000a3300000, 0x00000000a3300000, 0x00000000a3400000|  0%| F|  |TAMS 0x00000000a3300000, 0x00000000a3300000| Untracked 
|  32|0x00000000a3400000, 0x00000000a3400000, 0x00000000a3500000|  0%| F|  |TAMS 0x00000000a3400000, 0x00000000a3400000| Untracked 
|  33|0x00000000a3500000, 0x00000000a3500000, 0x00000000a3600000|  0%| F|  |TAMS 0x00000000a3500000, 0x00000000a3500000| Untracked 
|  34|0x00000000a3600000, 0x00000000a3600000, 0x00000000a3700000|  0%| F|  |TAMS 0x00000000a3600000, 0x00000000a3600000| Untracked 
|  35|0x00000000a3700000, 0x00000000a3700000, 0x00000000a3800000|  0%| F|  |TAMS 0x00000000a3700000, 0x00000000a3700000| Untracked 
|  36|0x00000000a3800000, 0x00000000a3800000, 0x00000000a3900000|  0%| F|  |TAMS 0x00000000a3800000, 0x00000000a3800000| Untracked 
|  37|0x00000000a3900000, 0x00000000a3900000, 0x00000000a3a00000|  0%| F|  |TAMS 0x00000000a3900000, 0x00000000a3900000| Untracked 
|  38|0x00000000a3a00000, 0x00000000a3a00000, 0x00000000a3b00000|  0%| F|  |TAMS 0x00000000a3a00000, 0x00000000a3a00000| Untracked 
|  39|0x00000000a3b00000, 0x00000000a3b00000, 0x00000000a3c00000|  0%| F|  |TAMS 0x00000000a3b00000, 0x00000000a3b00000| Untracked 
|  40|0x00000000a3c00000, 0x00000000a3c00000, 0x00000000a3d00000|  0%| F|  |TAMS 0x00000000a3c00000, 0x00000000a3c00000| Untracked 
|  41|0x00000000a3d00000, 0x00000000a3d00000, 0x00000000a3e00000|  0%| F|  |TAMS 0x00000000a3d00000, 0x00000000a3d00000| Untracked 
|  42|0x00000000a3e00000, 0x00000000a3e00000, 0x00000000a3f00000|  0%| F|  |TAMS 0x00000000a3e00000, 0x00000000a3e00000| Untracked 
|  43|0x00000000a3f00000, 0x00000000a3f00000, 0x00000000a4000000|  0%| F|  |TAMS 0x00000000a3f00000, 0x00000000a3f00000| Untracked 
|  44|0x00000000a4000000, 0x00000000a4000000, 0x00000000a4100000|  0%| F|  |TAMS 0x00000000a4000000, 0x00000000a4000000| Untracked 
|  45|0x00000000a4100000, 0x00000000a4100000, 0x00000000a4200000|  0%| F|  |TAMS 0x00000000a4100000, 0x00000000a4100000| Untracked 
|  46|0x00000000a4200000, 0x00000000a4200000, 0x00000000a4300000|  0%| F|  |TAMS 0x00000000a4200000, 0x00000000a4200000| Untracked 
|  47|0x00000000a4300000, 0x00000000a4300000, 0x00000000a4400000|  0%| F|  |TAMS 0x00000000a4300000, 0x00000000a4300000| Untracked 
|  48|0x00000000a4400000, 0x00000000a4400000, 0x00000000a4500000|  0%| F|  |TAMS 0x00000000a4400000, 0x00000000a4400000| Untracked 
|  49|0x00000000a4500000, 0x00000000a4500000, 0x00000000a4600000|  0%| F|  |TAMS 0x00000000a4500000, 0x00000000a4500000| Untracked 
|  50|0x00000000a4600000, 0x00000000a4600000, 0x00000000a4700000|  0%| F|  |TAMS 0x00000000a4600000, 0x00000000a4600000| Untracked 
|  51|0x00000000a4700000, 0x00000000a4700000, 0x00000000a4800000|  0%| F|  |TAMS 0x00000000a4700000, 0x00000000a4700000| Untracked 
|  52|0x00000000a4800000, 0x00000000a4800000, 0x00000000a4900000|  0%| F|  |TAMS 0x00000000a4800000, 0x00000000a4800000| Untracked 
|  53|0x00000000a4900000, 0x00000000a4900000, 0x00000000a4a00000|  0%| F|  |TAMS 0x00000000a4900000, 0x00000000a4900000| Untracked 
|  54|0x00000000a4a00000, 0x00000000a4a00000, 0x00000000a4b00000|  0%| F|  |TAMS 0x00000000a4a00000, 0x00000000a4a00000| Untracked 
|  55|0x00000000a4b00000, 0x00000000a4b00000, 0x00000000a4c00000|  0%| F|  |TAMS 0x00000000a4b00000, 0x00000000a4b00000| Untracked 
|  56|0x00000000a4c00000, 0x00000000a4c00000, 0x00000000a4d00000|  0%| F|  |TAMS 0x00000000a4c00000, 0x00000000a4c00000| Untracked 
|  57|0x00000000a4d00000, 0x00000000a4d00000, 0x00000000a4e00000|  0%| F|  |TAMS 0x00000000a4d00000, 0x00000000a4d00000| Untracked 
|  58|0x00000000a4e00000, 0x00000000a4e00000, 0x00000000a4f00000|  0%| F|  |TAMS 0x00000000a4e00000, 0x00000000a4e00000| Untracked 
|  59|0x00000000a4f00000, 0x00000000a4f00000, 0x00000000a5000000|  0%| F|  |TAMS 0x00000000a4f00000, 0x00000000a4f00000| Untracked 
|  60|0x00000000a5000000, 0x00000000a5000000, 0x00000000a5100000|  0%| F|  |TAMS 0x00000000a5000000, 0x00000000a5000000| Untracked 
|  61|0x00000000a5100000, 0x00000000a5100000, 0x00000000a5200000|  0%| F|  |TAMS 0x00000000a5100000, 0x00000000a5100000| Untracked 
|  62|0x00000000a5200000, 0x00000000a5200000, 0x00000000a5300000|  0%| F|  |TAMS 0x00000000a5200000, 0x00000000a5200000| Untracked 
|  63|0x00000000a5300000, 0x00000000a5300000, 0x00000000a5400000|  0%| F|  |TAMS 0x00000000a5300000, 0x00000000a5300000| Untracked 
|  64|0x00000000a5400000, 0x00000000a5400000, 0x00000000a5500000|  0%| F|  |TAMS 0x00000000a5400000, 0x00000000a5400000| Untracked 
|  65|0x00000000a5500000, 0x00000000a55ca950, 0x00000000a5600000| 79%| E|  |TAMS 0x00000000a5500000, 0x00000000a5500000| Complete 
|  66|0x00000000a5600000, 0x00000000a5700000, 0x00000000a5700000|100%| E|CS|TAMS 0x00000000a5600000, 0x00000000a5600000| Complete 
|  67|0x00000000a5700000, 0x00000000a5800000, 0x00000000a5800000|100%| E|CS|TAMS 0x00000000a5700000, 0x00000000a5700000| Complete 
|  68|0x00000000a5800000, 0x00000000a5900000, 0x00000000a5900000|100%| E|CS|TAMS 0x00000000a5800000, 0x00000000a5800000| Complete 
|  69|0x00000000a5900000, 0x00000000a5a00000, 0x00000000a5a00000|100%| E|CS|TAMS 0x00000000a5900000, 0x00000000a5900000| Complete 
|  70|0x00000000a5a00000, 0x00000000a5b00000, 0x00000000a5b00000|100%| E|CS|TAMS 0x00000000a5a00000, 0x00000000a5a00000| Complete 
|  71|0x00000000a5b00000, 0x00000000a5c00000, 0x00000000a5c00000|100%| E|CS|TAMS 0x00000000a5b00000, 0x00000000a5b00000| Complete 
|  72|0x00000000a5c00000, 0x00000000a5d00000, 0x00000000a5d00000|100%| E|CS|TAMS 0x00000000a5c00000, 0x00000000a5c00000| Complete 
|  73|0x00000000a5d00000, 0x00000000a5e00000, 0x00000000a5e00000|100%| E|CS|TAMS 0x00000000a5d00000, 0x00000000a5d00000| Complete 
|  74|0x00000000a5e00000, 0x00000000a5f00000, 0x00000000a5f00000|100%| E|CS|TAMS 0x00000000a5e00000, 0x00000000a5e00000| Complete 
|  75|0x00000000a5f00000, 0x00000000a6000000, 0x00000000a6000000|100%| E|CS|TAMS 0x00000000a5f00000, 0x00000000a5f00000| Complete 
|  76|0x00000000a6000000, 0x00000000a6100000, 0x00000000a6100000|100%| S|CS|TAMS 0x00000000a6000000, 0x00000000a6000000| Complete 
|  77|0x00000000a6100000, 0x00000000a6200000, 0x00000000a6200000|100%| S|CS|TAMS 0x00000000a6100000, 0x00000000a6100000| Complete 
|  78|0x00000000a6200000, 0x00000000a6300000, 0x00000000a6300000|100%| S|CS|TAMS 0x00000000a6200000, 0x00000000a6200000| Complete 
|  79|0x00000000a6300000, 0x00000000a6400000, 0x00000000a6400000|100%| E|CS|TAMS 0x00000000a6300000, 0x00000000a6300000| Complete 
|  80|0x00000000a6400000, 0x00000000a6500000, 0x00000000a6500000|100%| E|CS|TAMS 0x00000000a6400000, 0x00000000a6400000| Complete 
|  81|0x00000000a6500000, 0x00000000a6600000, 0x00000000a6600000|100%| E|CS|TAMS 0x00000000a6500000, 0x00000000a6500000| Complete 
|  82|0x00000000a6600000, 0x00000000a6700000, 0x00000000a6700000|100%| E|CS|TAMS 0x00000000a6600000, 0x00000000a6600000| Complete 
|  83|0x00000000a6700000, 0x00000000a6800000, 0x00000000a6800000|100%| E|CS|TAMS 0x00000000a6700000, 0x00000000a6700000| Complete 
|  84|0x00000000a6800000, 0x00000000a6900000, 0x00000000a6900000|100%| E|CS|TAMS 0x00000000a6800000, 0x00000000a6800000| Complete 
|  85|0x00000000a6900000, 0x00000000a6a00000, 0x00000000a6a00000|100%| E|CS|TAMS 0x00000000a6900000, 0x00000000a6900000| Complete 
|  86|0x00000000a6a00000, 0x00000000a6b00000, 0x00000000a6b00000|100%| E|CS|TAMS 0x00000000a6a00000, 0x00000000a6a00000| Complete 
|  87|0x00000000a6b00000, 0x00000000a6c00000, 0x00000000a6c00000|100%| E|CS|TAMS 0x00000000a6b00000, 0x00000000a6b00000| Complete 
|  88|0x00000000a6c00000, 0x00000000a6d00000, 0x00000000a6d00000|100%| E|CS|TAMS 0x00000000a6c00000, 0x00000000a6c00000| Complete 
|  89|0x00000000a6d00000, 0x00000000a6e00000, 0x00000000a6e00000|100%| E|CS|TAMS 0x00000000a6d00000, 0x00000000a6d00000| Complete 
|  90|0x00000000a6e00000, 0x00000000a6f00000, 0x00000000a6f00000|100%| E|CS|TAMS 0x00000000a6e00000, 0x00000000a6e00000| Complete 
|  91|0x00000000a6f00000, 0x00000000a7000000, 0x00000000a7000000|100%| E|CS|TAMS 0x00000000a6f00000, 0x00000000a6f00000| Complete 
|  92|0x00000000a7000000, 0x00000000a7100000, 0x00000000a7100000|100%| E|CS|TAMS 0x00000000a7000000, 0x00000000a7000000| Complete 
|  93|0x00000000a7100000, 0x00000000a7200000, 0x00000000a7200000|100%| E|  |TAMS 0x00000000a7100000, 0x00000000a7100000| Complete 
|  94|0x00000000a7200000, 0x00000000a7300000, 0x00000000a7300000|100%| E|CS|TAMS 0x00000000a7200000, 0x00000000a7200000| Complete 
|  95|0x00000000a7300000, 0x00000000a7400000, 0x00000000a7400000|100%| E|CS|TAMS 0x00000000a7300000, 0x00000000a7300000| Complete 

Card table byte_map: [0x000002b61f7b0000,0x000002b61fab0000] _byte_map_base: 0x000002b61f2a6000

Marking Bits (Prev, Next): (CMBitMap*) 0x000002b60afece20, (CMBitMap*) 0x000002b60afece60
 Prev Bits: [0x000002b61fdb0000, 0x000002b621560000)
 Next Bits: [0x000002b621560000, 0x000002b622d10000)

Polling page: 0x000002b60b070000

Metaspace:

Usage:
  Non-class:     13.86 MB used.
      Class:      1.53 MB used.
       Both:     15.38 MB used.

Virtual space:
  Non-class space:       16.00 MB reserved,      13.94 MB ( 87%) committed,  2 nodes.
      Class space:        1.00 GB reserved,       1.62 MB ( <1%) committed,  1 nodes.
             Both:        1.02 GB reserved,      15.56 MB (  1%) committed. 

Chunk freelists:
   Non-Class:  2.08 MB
       Class:  2.19 MB
        Both:  4.27 MB

MaxMetaspaceSize: unlimited
CompressedClassSpaceSize: 1.00 GB
Initial GC threshold: 21.00 MB
Current GC threshold: 21.00 MB
CDS: off
MetaspaceReclaimPolicy: balanced
 - commit_granule_bytes: 65536.
 - commit_granule_words: 8192.
 - virtual_space_node_default_size: 1048576.
 - enlarge_chunks_in_place: 1.
 - new_chunks_are_fully_committed: 0.
 - uncommit_free_chunks: 1.
 - use_allocation_guard: 0.
 - handle_deallocations: 1.


Internal statistics:

num_allocs_failed_limit: 0.
num_arena_births: 120.
num_arena_deaths: 0.
num_vsnodes_births: 3.
num_vsnodes_deaths: 0.
num_space_committed: 249.
num_space_uncommitted: 0.
num_chunks_returned_to_freelist: 0.
num_chunks_taken_from_freelist: 192.
num_chunk_merges: 0.
num_chunk_splits: 110.
num_chunks_enlarged: 63.
num_purges: 0.
num_inconsistent_stats: 0.

CodeHeap 'non-profiled nmethods': size=120000Kb used=866Kb max_used=866Kb free=119134Kb
 bounds [0x000002b617940000, 0x000002b617bb0000, 0x000002b61ee70000]
CodeHeap 'profiled nmethods': size=120000Kb used=3709Kb max_used=3709Kb free=116291Kb
 bounds [0x000002b610410000, 0x000002b6107b0000, 0x000002b617940000]
CodeHeap 'non-nmethods': size=5760Kb used=1267Kb max_used=1304Kb free=4492Kb
 bounds [0x000002b60fe70000, 0x000002b6100e0000, 0x000002b610410000]
 total_blobs=2594 nmethods=1999 adapters=508
 compilation: enabled
              stopped_count=0, restarted_count=0
 full_count=0

Compilation events (20 events):
Event: 12.046 Thread 0x000002b625339bc0 1993   !   3       javax.swing.JComponent::paintChildren (691 bytes)
Event: 12.051 Thread 0x000002b62d44c070 nmethod 1992 0x000002b617a0e890 code [0x000002b617a0ea40, 0x000002b617a0ed28]
Event: 12.054 Thread 0x000002b625339bc0 nmethod 1993 0x000002b6107a6490 code [0x000002b6107a6bc0, 0x000002b6107abe08]
Event: 12.122 Thread 0x000002b62d44c070 1994       4       java.awt.image.ReplicateScaleFilter::setPixels (226 bytes)
Event: 12.140 Thread 0x000002b625334220 nmethod 1984 0x000002b617a0f110 code [0x000002b617a0f3c0, 0x000002b617a12af0]
Event: 12.140 Thread 0x000002b625334220 1995       4       sun.awt.image.ImageDecoder::setPixels (58 bytes)
Event: 12.143 Thread 0x000002b625339bc0 1996       3       sun.font.FileFontStrike::getSlot0GlyphImagePtrs (130 bytes)
Event: 12.144 Thread 0x000002b62d44c070 nmethod 1994 0x000002b617a14610 code [0x000002b617a147e0, 0x000002b617a153f8]
Event: 12.144 Thread 0x000002b625339bc0 nmethod 1996 0x000002b6107ae390 code [0x000002b6107ae5c0, 0x000002b6107aece8]
Event: 12.178 Thread 0x000002b625334220 nmethod 1995 0x000002b617a15a10 code [0x000002b617a15c00, 0x000002b617a17350]
Event: 12.180 Thread 0x000002b625339bc0 1997       1       Movilidad.EstrategiaMovimiento::setDireccion (6 bytes)
Event: 12.180 Thread 0x000002b625339bc0 nmethod 1997 0x000002b617a17f10 code [0x000002b617a180a0, 0x000002b617a18178]
Event: 12.181 Thread 0x000002b62d44c070 1998   !   4       sun.java2d.SunGraphics2D::drawImage (150 bytes)
Event: 12.181 Thread 0x000002b625334220 1999       4       sun.java2d.pipe.DrawImage::copyImage (60 bytes)
Event: 12.182 Thread 0x000002b625339bc0 2000       3       java.awt.image.VolatileImage::getGraphics (5 bytes)
Event: 12.183 Thread 0x000002b625339bc0 nmethod 2000 0x000002b6107af010 code [0x000002b6107af1c0, 0x000002b6107af308]
Event: 12.274 Thread 0x000002b625339bc0 2003       1       EstadoJugador.EstadoJugador::getVelocidad (5 bytes)
Event: 12.274 Thread 0x000002b625339bc0 nmethod 2003 0x000002b617a18210 code [0x000002b617a183a0, 0x000002b617a18478]
Event: 12.418 Thread 0x000002b625339bc0 2005       1       java.awt.color.ColorSpace::getType (5 bytes)
Event: 12.418 Thread 0x000002b625339bc0 nmethod 2005 0x000002b617a18510 code [0x000002b617a186a0, 0x000002b617a18778]

GC Heap History (4 events):
Event: 4.007 GC heap before
{Heap before GC invocations=0 (full 0):
 garbage-first heap   total 98304K, used 21504K [0x00000000a1400000, 0x0000000100000000)
  region size 1024K, 13 young (13312K), 0 survivors (0K)
 Metaspace       used 14157K, committed 14400K, reserved 1064960K
  class space    used 1420K, committed 1536K, reserved 1048576K
}
Event: 4.015 GC heap after
{Heap after GC invocations=1 (full 0):
 garbage-first heap   total 98304K, used 10798K [0x00000000a1400000, 0x0000000100000000)
  region size 1024K, 2 young (2048K), 2 survivors (2048K)
 Metaspace       used 14157K, committed 14400K, reserved 1064960K
  class space    used 1420K, committed 1536K, reserved 1048576K
}
Event: 7.806 GC heap before
{Heap before GC invocations=1 (full 0):
 garbage-first heap   total 98304K, used 31278K [0x00000000a1400000, 0x0000000100000000)
  region size 1024K, 17 young (17408K), 2 survivors (2048K)
 Metaspace       used 14691K, committed 14848K, reserved 1064960K
  class space    used 1518K, committed 1600K, reserved 1048576K
}
Event: 7.812 GC heap after
{Heap after GC invocations=2 (full 0):
 garbage-first heap   total 98304K, used 21504K [0x00000000a1400000, 0x0000000100000000)
  region size 1024K, 3 young (3072K), 3 survivors (3072K)
 Metaspace       used 14691K, committed 14848K, reserved 1064960K
  class space    used 1518K, committed 1600K, reserved 1048576K
}

Deoptimization events (20 events):
Event: 11.883 Thread 0x000002b626830e80 Uncommon trap: trap_request=0xffffff45 fr.pc=0x000002b6179f37c0 relative=0x0000000000000400
Event: 11.883 Thread 0x000002b626830e80 Uncommon trap: reason=unstable_if action=reinterpret pc=0x000002b6179f37c0 method=Entidades.VehiculoRuta.accionar()V @ 25 c2
Event: 11.883 Thread 0x000002b626830e80 DEOPT PACKING pc=0x000002b6179f37c0 sp=0x000000e89b8ff2f0
Event: 11.883 Thread 0x000002b626830e80 DEOPT UNPACKING pc=0x000002b60fec23a3 sp=0x000000e89b8ff2c0 mode 2
Event: 11.965 Thread 0x000002b62612e340 Uncommon trap: trap_request=0xffffff45 fr.pc=0x000002b6179dfa6c relative=0x00000000000004ec
Event: 11.965 Thread 0x000002b62612e340 Uncommon trap: reason=unstable_if action=reinterpret pc=0x000002b6179dfa6c method=javax.swing.JComponent.getObscuredState(IIIII)I @ 116 c2
Event: 11.965 Thread 0x000002b62612e340 DEOPT PACKING pc=0x000002b6179dfa6c sp=0x000000e89aafdf40
Event: 11.965 Thread 0x000002b62612e340 DEOPT UNPACKING pc=0x000002b60fec23a3 sp=0x000000e89aafdec8 mode 2
Event: 12.042 Thread 0x000002b62612e340 Uncommon trap: trap_request=0xffffffbe fr.pc=0x000002b617a095ac relative=0x00000000000033ac
Event: 12.042 Thread 0x000002b62612e340 Uncommon trap: reason=profile_predicate action=maybe_recompile pc=0x000002b617a095ac method=javax.swing.JComponent.paintChildren(Ljava/awt/Graphics;)V @ 179 c2
Event: 12.042 Thread 0x000002b62612e340 DEOPT PACKING pc=0x000002b617a095ac sp=0x000000e89aafe3e0
Event: 12.042 Thread 0x000002b62612e340 DEOPT UNPACKING pc=0x000002b60fec23a3 sp=0x000000e89aafe390 mode 2
Event: 12.046 Thread 0x000002b62612e340 Uncommon trap: trap_request=0xffffffbe fr.pc=0x000002b617a095ac relative=0x00000000000033ac
Event: 12.046 Thread 0x000002b62612e340 Uncommon trap: reason=profile_predicate action=maybe_recompile pc=0x000002b617a095ac method=javax.swing.JComponent.paintChildren(Ljava/awt/Graphics;)V @ 179 c2
Event: 12.046 Thread 0x000002b62612e340 DEOPT PACKING pc=0x000002b617a095ac sp=0x000000e89aafe3e0
Event: 12.046 Thread 0x000002b62612e340 DEOPT UNPACKING pc=0x000002b60fec23a3 sp=0x000000e89aafe390 mode 2
Event: 12.046 Thread 0x000002b62612e340 Uncommon trap: trap_request=0xffffff45 fr.pc=0x000002b617a09c00 relative=0x0000000000003a00
Event: 12.046 Thread 0x000002b62612e340 Uncommon trap: reason=unstable_if action=reinterpret pc=0x000002b617a09c00 method=javax.swing.JComponent.paintChildren(Ljava/awt/Graphics;)V @ 384 c2
Event: 12.046 Thread 0x000002b62612e340 DEOPT PACKING pc=0x000002b617a09c00 sp=0x000000e89aafe130
Event: 12.046 Thread 0x000002b62612e340 DEOPT UNPACKING pc=0x000002b60fec23a3 sp=0x000000e89aafe0d8 mode 2

Classes unloaded (0 events):
No events

Classes redefined (0 events):
No events

Internal exceptions (17 events):
Event: 1.202 Thread 0x000002b60af9fe20 Exception <a 'java/lang/ClassNotFoundException'{0x00000000a72326f0}: sun/awt/resources/spi/awtProvider> (0x00000000a72326f0) 
thrown [e:\jenkins\tmp\workspace\build\src\src\hotspot\share\classfile\systemDictionary.cpp, line 256]
Event: 1.243 Thread 0x000002b60af9fe20 Exception <a 'java/io/FileNotFoundException'{0x00000000a728d6b8}> (0x00000000a728d6b8) 
thrown [e:\jenkins\tmp\workspace\build\src\src\hotspot\share\prims\jni.cpp, line 516]
Event: 1.257 Thread 0x000002b60af9fe20 Exception <a 'java/io/FileNotFoundException'{0x00000000a72ba690}> (0x00000000a72ba690) 
thrown [e:\jenkins\tmp\workspace\build\src\src\hotspot\share\prims\jni.cpp, line 516]
Event: 1.304 Thread 0x000002b60af9fe20 Exception <a 'java/lang/NoSuchMethodError'{0x00000000a72f0b20}: 'java.lang.Object java.lang.invoke.DirectMethodHandle$Holder.invokeStaticInit(java.lang.Object)'> (0x00000000a72f0b20) 
thrown [e:\jenkins\tmp\workspace\build\src\src\hotspot\share\interpreter\linkResolver.cpp, line 766]
Event: 1.433 Thread 0x000002b62612e340 Exception <a 'java/lang/NoSuchMethodError'{0x00000000a70129e8}: 'void java.lang.invoke.DirectMethodHandle$Holder.invokeSpecial(java.lang.Object, java.lang.Object, java.lang.Object)'> (0x00000000a70129e8) 
thrown [e:\jenkins\tmp\workspace\build\src\src\hotspot\share\interpreter\linkResolver.cpp, line 766]
Event: 1.443 Thread 0x000002b62612e340 Exception <a 'java/lang/NoSuchMethodError'{0x00000000a703cb98}: 'java.lang.Object java.lang.invoke.DirectMethodHandle$Holder.newInvokeSpecial(java.lang.Object, java.lang.Object, java.lang.Object, java.lang.Object, java.lang.Object)'> (0x00000000a703cb98) 
thrown [e:\jenkins\tmp\workspace\build\src\src\hotspot\share\interpreter\linkResolver.cpp, line 766]
Event: 1.447 Thread 0x000002b62612e340 Exception <a 'java/lang/NoSuchMethodError'{0x00000000a7048818}: 'java.lang.Object java.lang.invoke.DirectMethodHandle$Holder.invokeStatic(java.lang.Object, int, java.lang.Object, java.lang.Object, java.lang.Object, java.lang.Object)'> (0x00000000a7048818) 
thrown [e:\jenkins\tmp\workspace\build\src\src\hotspot\share\interpreter\linkResolver.cpp, line 766]
Event: 1.454 Thread 0x000002b62612e340 Exception <a 'java/lang/NoSuchMethodError'{0x00000000a706dfd8}: 'java.lang.Object java.lang.invoke.DirectMethodHandle$Holder.invokeStatic(java.lang.Object, int, java.lang.Object)'> (0x00000000a706dfd8) 
thrown [e:\jenkins\tmp\workspace\build\src\src\hotspot\share\interpreter\linkResolver.cpp, line 766]
Event: 1.485 Thread 0x000002b62612e340 Exception <a 'java/lang/ClassNotFoundException'{0x00000000a6f26308}: com/sun/swing/internal/plaf/metal/resources/spi/metalProvider> (0x00000000a6f26308) 
thrown [e:\jenkins\tmp\workspace\build\src\src\hotspot\share\classfile\systemDictionary.cpp, line 256]
Event: 1.487 Thread 0x000002b62612e340 Exception <a 'java/lang/ClassNotFoundException'{0x00000000a6f2ad60}: com/sun/swing/internal/plaf/basic/resources/spi/basicProvider> (0x00000000a6f2ad60) 
thrown [e:\jenkins\tmp\workspace\build\src\src\hotspot\share\classfile\systemDictionary.cpp, line 256]
Event: 1.589 Thread 0x000002b6265011f0 Exception <a 'java/lang/NoSuchMethodError'{0x00000000a6d37a38}: 'java.lang.Object java.lang.invoke.DirectMethodHandle$Holder.newInvokeSpecial(java.lang.Object, java.lang.Object, java.lang.Object, int, int, int, int, int)'> (0x00000000a6d37a38) 
thrown [e:\jenkins\tmp\workspace\build\src\src\hotspot\share\interpreter\linkResolver.cpp, line 766]
Event: 1.700 Thread 0x000002b62612e340 Exception <a 'java/lang/NoSuchMethodError'{0x00000000a6f79078}: 'void java.lang.invoke.DirectMethodHandle$Holder.invokeStaticInit(java.lang.Object)'> (0x00000000a6f79078) 
thrown [e:\jenkins\tmp\workspace\build\src\src\hotspot\share\interpreter\linkResolver.cpp, line 766]
Event: 1.800 Thread 0x000002b62612c130 Exception <a 'java/lang/NoSuchMethodError'{0x00000000a710fe78}: 'void java.lang.invoke.DirectMethodHandle$Holder.invokeVirtual(java.lang.Object, java.lang.Object)'> (0x00000000a710fe78) 
thrown [e:\jenkins\tmp\workspace\build\src\src\hotspot\share\interpreter\linkResolver.cpp, line 766]
Event: 4.266 Thread 0x000002b6265011f0 Implicit null exception at 0x000002b61798de60 to 0x000002b61798e34c
Event: 11.833 Thread 0x000002b6260b54b0 Exception <a 'java/lang/InterruptedException'{0x00000000a596cd28}: sleep interrupted> (0x00000000a596cd28) 
thrown [e:\jenkins\tmp\workspace\build\src\src\hotspot\share\prims\jvm.cpp, line 3041]
Event: 11.915 Thread 0x000002b6260b54b0 Exception <a 'java/lang/InterruptedException'{0x00000000a58c3498}: sleep interrupted> (0x00000000a58c3498) 
thrown [e:\jenkins\tmp\workspace\build\src\src\hotspot\share\prims\jvm.cpp, line 3041]
Event: 11.983 Thread 0x000002b6265011f0 Exception <a 'java/lang/InterruptedException'{0x00000000a6ff7230}: sleep interrupted> (0x00000000a6ff7230) 
thrown [e:\jenkins\tmp\workspace\build\src\src\hotspot\share\prims\jvm.cpp, line 3041]

VM Operations (20 events):
Event: 2.863 Executing VM operation: Cleanup
Event: 2.863 Executing VM operation: Cleanup done
Event: 3.860 Executing VM operation: HandshakeAllThreads
Event: 3.860 Executing VM operation: HandshakeAllThreads done
Event: 4.007 Executing VM operation: G1CollectForAllocation
Event: 4.015 Executing VM operation: G1CollectForAllocation done
Event: 5.029 Executing VM operation: Cleanup
Event: 5.029 Executing VM operation: Cleanup done
Event: 7.806 Executing VM operation: G1CollectForAllocation
Event: 7.812 Executing VM operation: G1CollectForAllocation done
Event: 8.812 Executing VM operation: Cleanup
Event: 8.813 Executing VM operation: Cleanup done
Event: 9.813 Executing VM operation: Cleanup
Event: 9.813 Executing VM operation: Cleanup done
Event: 10.820 Executing VM operation: Cleanup
Event: 10.821 Executing VM operation: Cleanup done
Event: 11.811 Executing VM operation: HandshakeAllThreads
Event: 11.812 Executing VM operation: HandshakeAllThreads done
Event: 11.817 Executing VM operation: HandshakeAllThreads
Event: 11.817 Executing VM operation: HandshakeAllThreads done

Events (20 events):
Event: 11.810 loading class sun/awt/image/GifImageDecoder
Event: 11.811 loading class sun/awt/image/GifImageDecoder done
Event: 11.816 loading class sun/awt/image/GifFrame
Event: 11.816 loading class sun/awt/image/GifFrame done
Event: 11.816 loading class java/awt/image/DataBufferByte
Event: 11.816 loading class java/awt/image/DataBufferByte done
Event: 11.817 loading class java/awt/image/PixelInterleavedSampleModel
Event: 11.817 loading class java/awt/image/ComponentSampleModel
Event: 11.818 loading class java/awt/image/ComponentSampleModel done
Event: 11.818 loading class java/awt/image/PixelInterleavedSampleModel done
Event: 11.818 loading class sun/awt/image/ByteInterleavedRaster
Event: 11.818 loading class sun/awt/image/ByteComponentRaster
Event: 11.819 loading class sun/awt/image/ByteComponentRaster done
Event: 11.819 loading class sun/awt/image/ByteInterleavedRaster done
Event: 11.821 loading class sun/awt/image/BytePackedRaster
Event: 11.821 loading class sun/awt/image/BytePackedRaster done
Event: 11.825 Thread 0x000002b62d44c070 Thread added: 0x000002b62d44c070
Event: 11.833 loading class sun/awt/image/ImageDecoder$1
Event: 11.833 loading class sun/awt/image/ImageDecoder$1 done
Event: 11.916 Thread 0x000002b6260b67f0 Thread added: 0x000002b6260b67f0


Dynamic libraries:
0x00007ff6bb120000 - 0x00007ff6bb12e000 	C:\Users\Usuario\.p2\pool\plugins\org.eclipse.justj.openjdk.hotspot.jre.full.win32.x86_64_17.0.3.v20220515-1416\jre\bin\javaw.exe
0x00007ffa35030000 - 0x00007ffa35247000 	C:\WINDOWS\SYSTEM32\ntdll.dll
0x00007ffa34710000 - 0x00007ffa347d4000 	C:\WINDOWS\System32\KERNEL32.DLL
0x00007ffa32730000 - 0x00007ffa32ad6000 	C:\WINDOWS\System32\KERNELBASE.dll
0x00007ffa32410000 - 0x00007ffa32521000 	C:\WINDOWS\System32\ucrtbase.dll
0x00007ffa20c70000 - 0x00007ffa20c88000 	C:\Users\Usuario\.p2\pool\plugins\org.eclipse.justj.openjdk.hotspot.jre.full.win32.x86_64_17.0.3.v20220515-1416\jre\bin\jli.dll
0x00007ffa348e0000 - 0x00007ffa34a8e000 	C:\WINDOWS\System32\USER32.dll
0x00007ffa325b0000 - 0x00007ffa325d6000 	C:\WINDOWS\System32\win32u.dll
0x00007ffa32d80000 - 0x00007ffa32da9000 	C:\WINDOWS\System32\GDI32.dll
0x00007ffa32610000 - 0x00007ffa32728000 	C:\WINDOWS\System32\gdi32full.dll
0x00007ffa32370000 - 0x00007ffa3240a000 	C:\WINDOWS\System32\msvcp_win.dll
0x00007ffa20c50000 - 0x00007ffa20c69000 	C:\Users\Usuario\.p2\pool\plugins\org.eclipse.justj.openjdk.hotspot.jre.full.win32.x86_64_17.0.3.v20220515-1416\jre\bin\VCRUNTIME140.dll
0x00007ffa1dfe0000 - 0x00007ffa1e273000 	C:\WINDOWS\WinSxS\amd64_microsoft.windows.common-controls_6595b64144ccf1df_6.0.22621.2506_none_270c5ae97388e100\COMCTL32.dll
0x00007ffa32db0000 - 0x00007ffa32e57000 	C:\WINDOWS\System32\msvcrt.dll
0x00007ffa32e60000 - 0x00007ffa32e91000 	C:\WINDOWS\System32\IMM32.DLL
0x00007ffa2f620000 - 0x00007ffa2f62c000 	C:\Users\Usuario\.p2\pool\plugins\org.eclipse.justj.openjdk.hotspot.jre.full.win32.x86_64_17.0.3.v20220515-1416\jre\bin\vcruntime140_1.dll
0x00007ffa00050000 - 0x00007ffa000e1000 	C:\Users\Usuario\.p2\pool\plugins\org.eclipse.justj.openjdk.hotspot.jre.full.win32.x86_64_17.0.3.v20220515-1416\jre\bin\msvcp140.dll
0x00007ff9f7fd0000 - 0x00007ff9f8c18000 	C:\Users\Usuario\.p2\pool\plugins\org.eclipse.justj.openjdk.hotspot.jre.full.win32.x86_64_17.0.3.v20220515-1416\jre\bin\server\jvm.dll
0x00007ffa33000000 - 0x00007ffa330b3000 	C:\WINDOWS\System32\ADVAPI32.dll
0x00007ffa34600000 - 0x00007ffa346a8000 	C:\WINDOWS\System32\sechost.dll
0x00007ffa325e0000 - 0x00007ffa32608000 	C:\WINDOWS\System32\bcrypt.dll
0x00007ffa33e30000 - 0x00007ffa33f47000 	C:\WINDOWS\System32\RPCRT4.dll
0x00007ffa33b20000 - 0x00007ffa33b28000 	C:\WINDOWS\System32\PSAPI.DLL
0x00007ffa2d7c0000 - 0x00007ffa2d7c9000 	C:\WINDOWS\SYSTEM32\WSOCK32.dll
0x00007ffa34860000 - 0x00007ffa348d1000 	C:\WINDOWS\System32\WS2_32.dll
0x00007ffa2afe0000 - 0x00007ffa2b014000 	C:\WINDOWS\SYSTEM32\WINMM.dll
0x00007ffa2b490000 - 0x00007ffa2b49a000 	C:\WINDOWS\SYSTEM32\VERSION.dll
0x00007ffa313b0000 - 0x00007ffa313c8000 	C:\WINDOWS\SYSTEM32\kernel.appcore.dll
0x00007ffa2c4b0000 - 0x00007ffa2c4ba000 	C:\Users\Usuario\.p2\pool\plugins\org.eclipse.justj.openjdk.hotspot.jre.full.win32.x86_64_17.0.3.v20220515-1416\jre\bin\jimage.dll
0x00007ffa21840000 - 0x00007ffa21a73000 	C:\WINDOWS\SYSTEM32\DBGHELP.DLL
0x00007ffa34ab0000 - 0x00007ffa34e39000 	C:\WINDOWS\System32\combase.dll
0x00007ffa330c0000 - 0x00007ffa33197000 	C:\WINDOWS\System32\OLEAUT32.dll
0x00007ffa101c0000 - 0x00007ffa101f2000 	C:\WINDOWS\SYSTEM32\dbgcore.DLL
0x00007ffa32530000 - 0x00007ffa325aa000 	C:\WINDOWS\System32\bcryptPrimitives.dll
0x00007ffa2c0f0000 - 0x00007ffa2c115000 	C:\Users\Usuario\.p2\pool\plugins\org.eclipse.justj.openjdk.hotspot.jre.full.win32.x86_64_17.0.3.v20220515-1416\jre\bin\java.dll
0x00007ffa27a70000 - 0x00007ffa27a88000 	C:\Users\Usuario\.p2\pool\plugins\org.eclipse.justj.openjdk.hotspot.jre.full.win32.x86_64_17.0.3.v20220515-1416\jre\bin\zip.dll
0x00007ffa331b0000 - 0x00007ffa33a0b000 	C:\WINDOWS\System32\SHELL32.dll
0x00007ffa302d0000 - 0x00007ffa30bc6000 	C:\WINDOWS\SYSTEM32\windows.storage.dll
0x00007ffa30190000 - 0x00007ffa302ce000 	C:\WINDOWS\SYSTEM32\wintypes.dll
0x00007ffa34ef0000 - 0x00007ffa34fe3000 	C:\WINDOWS\System32\SHCORE.dll
0x00007ffa346b0000 - 0x00007ffa3470e000 	C:\WINDOWS\System32\shlwapi.dll
0x00007ffa322a0000 - 0x00007ffa322c6000 	C:\WINDOWS\SYSTEM32\profapi.dll
0x00007ff9fe0c0000 - 0x00007ff9fe24e000 	C:\Users\Usuario\.p2\pool\plugins\org.eclipse.justj.openjdk.hotspot.jre.full.win32.x86_64_17.0.3.v20220515-1416\jre\bin\awt.dll
0x00007ffa2f720000 - 0x00007ffa2f7b7000 	C:\WINDOWS\SYSTEM32\apphelp.dll
0x00007ffa2f8e0000 - 0x00007ffa2f98b000 	C:\WINDOWS\system32\uxtheme.dll
0x00007ffa32ea0000 - 0x00007ffa32ff1000 	C:\WINDOWS\System32\MSCTF.dll
0x00007ffa33b90000 - 0x00007ffa33d30000 	C:\WINDOWS\System32\ole32.dll
0x00007ffa2fb40000 - 0x00007ffa2fb6b000 	C:\WINDOWS\system32\DWMAPI.DLL
0x00007ff9feee0000 - 0x00007ff9fefe0000 	C:\WINDOWS\system32\opengl32.dll
0x00007ffa1c310000 - 0x00007ffa1c33d000 	C:\WINDOWS\SYSTEM32\GLU32.dll
0x00007ffa2f9f0000 - 0x00007ffa2fa29000 	C:\WINDOWS\SYSTEM32\dxcore.dll
0x00007ff9f5f70000 - 0x00007ff9f6119000 	C:\WINDOWS\system32\d3d9.dll
0x00007ffa29b50000 - 0x00007ffa29d0b000 	C:\WINDOWS\System32\DriverStore\FileRepository\u0389648.inf_amd64_00a4b5829b82c480\B385477\aticfx64.dll
0x00007ffa0d340000 - 0x00007ffa0d374000 	C:\WINDOWS\System32\DriverStore\FileRepository\u0389648.inf_amd64_00a4b5829b82c480\B385477\atiu9p64.dll
0x00007ff9f6750000 - 0x00007ff9f74a5000 	C:\WINDOWS\System32\DriverStore\FileRepository\u0389648.inf_amd64_00a4b5829b82c480\B385477\atiumd64.dll
0x000000005bd60000 - 0x000000005cc87000 	C:\WINDOWS\System32\DriverStore\FileRepository\u0389648.inf_amd64_00a4b5829b82c480\B385477\atiumd6a.dll
0x00007ffa33fb0000 - 0x00007ffa34424000 	C:\WINDOWS\System32\SETUPAPI.dll
0x00007ffa32190000 - 0x00007ffa321dd000 	C:\WINDOWS\SYSTEM32\POWRPROF.dll
0x00007ffa32070000 - 0x00007ffa32083000 	C:\WINDOWS\SYSTEM32\UMPDC.dll
0x00007ffa29a10000 - 0x00007ffa29a45000 	C:\WINDOWS\SYSTEM32\amdihk64.dll
0x00007ffa2d110000 - 0x00007ffa2d15a000 	C:\WINDOWS\SYSTEM32\directxdatabasehelper.dll
0x00007ff9ff2a0000 - 0x00007ff9ff329000 	C:\Users\Usuario\.p2\pool\plugins\org.eclipse.justj.openjdk.hotspot.jre.full.win32.x86_64_17.0.3.v20220515-1416\jre\bin\freetype.dll
0x00007ff9fed70000 - 0x00007ff9fee18000 	C:\Users\Usuario\.p2\pool\plugins\org.eclipse.justj.openjdk.hotspot.jre.full.win32.x86_64_17.0.3.v20220515-1416\jre\bin\fontmanager.dll
0x00007ffa1f6b0000 - 0x00007ffa1f7fa000 	C:\WINDOWS\SYSTEM32\textinputframework.dll
0x00007ffa22280000 - 0x00007ffa22299000 	C:\Users\Usuario\.p2\pool\plugins\org.eclipse.justj.openjdk.hotspot.jre.full.win32.x86_64_17.0.3.v20220515-1416\jre\bin\net.dll
0x00007ffa2b2a0000 - 0x00007ffa2b3d7000 	C:\WINDOWS\SYSTEM32\WINHTTP.dll
0x00007ffa31830000 - 0x00007ffa31899000 	C:\WINDOWS\system32\mswsock.dll
0x00007ffa20e70000 - 0x00007ffa20e85000 	C:\Users\Usuario\.p2\pool\plugins\org.eclipse.justj.openjdk.hotspot.jre.full.win32.x86_64_17.0.3.v20220515-1416\jre\bin\nio.dll
0x00007ffa2f330000 - 0x00007ffa2f464000 	C:\WINDOWS\SYSTEM32\CoreMessaging.dll
0x00007ffa2c790000 - 0x00007ffa2cafc000 	C:\WINDOWS\SYSTEM32\CoreUIComponents.dll
0x00007ffa31aa0000 - 0x00007ffa31aac000 	C:\WINDOWS\SYSTEM32\CRYPTBASE.DLL

dbghelp: loaded successfully - version: 4.0.5 - missing functions: none
symbol engine: initialized successfully - sym options: 0x614 - pdb path: .;C:\Users\Usuario\.p2\pool\plugins\org.eclipse.justj.openjdk.hotspot.jre.full.win32.x86_64_17.0.3.v20220515-1416\jre\bin;C:\WINDOWS\SYSTEM32;C:\WINDOWS\WinSxS\amd64_microsoft.windows.common-controls_6595b64144ccf1df_6.0.22621.2506_none_270c5ae97388e100;C:\Users\Usuario\.p2\pool\plugins\org.eclipse.justj.openjdk.hotspot.jre.full.win32.x86_64_17.0.3.v20220515-1416\jre\bin\server;C:\WINDOWS\System32\DriverStore\FileRepository\u0389648.inf_amd64_00a4b5829b82c480\B385477

VM Arguments:
jvm_args: -Dfile.encoding=UTF-8 -XX:+ShowCodeDetailsInExceptionMessages 
java_command: Grafica.MainMenu
java_class_path (initial): C:\Users\Usuario\Desktop\tdpWorkspace\RoadFighter\bin
Launcher Type: SUN_STANDARD

[Global flags]
     intx CICompilerCount                          = 3                                         {product} {ergonomic}
     uint ConcGCThreads                            = 1                                         {product} {ergonomic}
     uint G1ConcRefinementThreads                  = 4                                         {product} {ergonomic}
   size_t G1HeapRegionSize                         = 1048576                                   {product} {ergonomic}
    uintx GCDrainStackTargetSize                   = 64                                        {product} {ergonomic}
   size_t InitialHeapSize                          = 100663296                                 {product} {ergonomic}
   size_t MarkStackSize                            = 4194304                                   {product} {ergonomic}
   size_t MaxHeapSize                              = 1589641216                                {product} {ergonomic}
   size_t MaxNewSize                               = 953155584                                 {product} {ergonomic}
   size_t MinHeapDeltaBytes                        = 1048576                                   {product} {ergonomic}
   size_t MinHeapSize                              = 8388608                                   {product} {ergonomic}
    uintx NonNMethodCodeHeapSize                   = 5832780                                {pd product} {ergonomic}
    uintx NonProfiledCodeHeapSize                  = 122912730                              {pd product} {ergonomic}
    uintx ProfiledCodeHeapSize                     = 122912730                              {pd product} {ergonomic}
    uintx ReservedCodeCacheSize                    = 251658240                              {pd product} {ergonomic}
     bool SegmentedCodeCache                       = true                                      {product} {ergonomic}
     bool ShowCodeDetailsInExceptionMessages       = true                                   {manageable} {command line}
   size_t SoftMaxHeapSize                          = 1589641216                             {manageable} {ergonomic}
     bool UseCompressedClassPointers               = true                           {product lp64_product} {ergonomic}
     bool UseCompressedOops                        = true                           {product lp64_product} {ergonomic}
     bool UseG1GC                                  = true                                      {product} {ergonomic}
     bool UseLargePagesIndividualAllocation        = false                                  {pd product} {ergonomic}

Logging:
Log output configuration:
 #0: stdout all=warning uptime,level,tags
 #1: stderr all=off uptime,level,tags

Environment Variables:
PATH=C:/Users/Usuario/.p2/pool/plugins/org.eclipse.justj.openjdk.hotspot.jre.full.win32.x86_64_17.0.3.v20220515-1416/jre/bin/server;C:/Users/Usuario/.p2/pool/plugins/org.eclipse.justj.openjdk.hotspot.jre.full.win32.x86_64_17.0.3.v20220515-1416/jre/bin;D:\Program Files\bin\;C:\Program Files\Common Files\Oracle\Java\javapath;C:\WINDOWS\system32;C:\WINDOWS;C:\WINDOWS\System32\Wbem;C:\WINDOWS\System32\WindowsPowerShell\v1.0\;C:\WINDOWS\System32\OpenSSH\;C:\Users\Usuario\Documents\project_CB\Proyecto;C:\Program Files\Git\cmd;C:\Users\Usuario\AppData\Local\Microsoft\WindowsApps;D:\Program Files\CodeBlocks\MinGW\bin;C:\Users\Usuario\AppData\Local\GitHubDesktop\bin;C:\WINDOWS\System32;
USERNAME=Usuario
OS=Windows_NT
PROCESSOR_IDENTIFIER=AMD64 Family 23 Model 24 Stepping 1, AuthenticAMD



---------------  S Y S T E M  ---------------

OS:
 Windows 11 , 64 bit Build 22621 (10.0.22621.3085)
OS uptime: 2 days 9:49 hours

CPU: total 4 (initial active 4) (4 cores per cpu, 2 threads per core) family 23 model 24 stepping 1 microcode 0x0, cx8, cmov, fxsr, ht, mmx, 3dnowpref, sse, sse2, sse3, ssse3, sse4a, sse4.1, sse4.2, popcnt, lzcnt, tsc, tscinvbit, avx, avx2, aes, clmul, bmi1, bmi2, adx, sha, fma, vzeroupper, clflush, clflushopt

Memory: 4k page, system-wide physical 6058M (835M free)
TotalPageFile size 8106M (AvailPageFile size 16M)
current process WorkingSet (physical memory assigned to process): 181M, peak: 181M
current process commit charge ("private bytes"): 278M, peak: 280M

vm_info: OpenJDK 64-Bit Server VM (17.0.3+7) for windows-amd64 JRE (17.0.3+7), built on Apr 19 2022 16:55:35 by "" with MS VC++ 16.7 (VS2019)

END.
