#
# There is insufficient memory for the Java Runtime Environment to continue.
# Native memory allocation (malloc) failed to allocate 690416 bytes for Chunk::new
# Possible reasons:
#   The system is out of physical RAM or swap space
#   The process is running with CompressedOops enabled, and the Java Heap may be blocking the growth of the native heap
# Possible solutions:
#   Reduce memory load on the system
#   Increase physical memory or swap space
#   Check if swap backing store is full
#   Decrease Java heap size (-Xmx/-Xms)
#   Decrease number of Java threads
#   Decrease Java thread stack sizes (-Xss)
#   Set larger code cache with -XX:ReservedCodeCacheSize=
#   JVM is running with Unscaled Compressed Oops mode in which the Java heap is
#     placed in the first 4GB address space. The Java Heap base address is the
#     maximum limit for the native heap growth. Please use -XX:HeapBaseMinAddress
#     to set the Java Heap base and to place the Java Heap above 4GB virtual address.
# This output file may be truncated or incomplete.
#
#  Out of Memory Error (arena.cpp:189), pid=7568, tid=14344
#
# JRE version: OpenJDK Runtime Environment Temurin-17.0.3+7 (17.0.3+7) (build 17.0.3+7)
# Java VM: OpenJDK 64-Bit Server VM Temurin-17.0.3+7 (17.0.3+7, mixed mode, tiered, compressed oops, compressed class ptrs, g1 gc, windows-amd64)
# No core dump will be written. Minidumps are not enabled by default on client versions of Windows
#

---------------  S U M M A R Y ------------

Command Line: -Dfile.encoding=UTF-8 -XX:+ShowCodeDetailsInExceptionMessages Grafica.MainMenu

Host: AMD Ryzen 3 3250U with Radeon Graphics         , 4 cores, 5G,  Windows 11 , 64 bit Build 22621 (10.0.22621.3085)
Time: Sat Feb 24 11:51:59 2024 Hora estándar de Argentina elapsed time: 13.615327 seconds (0d 0h 0m 13s)

---------------  T H R E A D  ---------------

Current thread (0x00000260af2bde30):  JavaThread "C2 CompilerThread0" daemon [_thread_in_native, id=14344, stack(0x000000a993400000,0x000000a993500000)]


Current CompileTask:
C2:  13615 1934   !   4       sun.java2d.SunGraphics2D::drawImage (150 bytes)

Stack: [0x000000a993400000,0x000000a993500000]
Native frames: (J=compiled Java code, j=interpreted, Vv=VM code, C=native code)
V  [jvm.dll+0x675efa]
V  [jvm.dll+0x830a24]
V  [jvm.dll+0x8321ce]
V  [jvm.dll+0x832833]
V  [jvm.dll+0x2454b5]
V  [jvm.dll+0xabd7b]
V  [jvm.dll+0xac30c]
V  [jvm.dll+0x2ac5bf]
V  [jvm.dll+0x57cd09]
V  [jvm.dll+0x22056d]
V  [jvm.dll+0x219a1f]
V  [jvm.dll+0x21767b]
V  [jvm.dll+0x1a3ccd]
V  [jvm.dll+0x227178]
V  [jvm.dll+0x2252bc]
V  [jvm.dll+0x7e673b]
V  [jvm.dll+0x7e0cfa]
V  [jvm.dll+0x674d85]
C  [ucrtbase.dll+0x29363]
C  [KERNEL32.DLL+0x1257d]
C  [ntdll.dll+0x5aa58]


---------------  P R O C E S S  ---------------

Threads class SMR info:
_java_thread_list=0x00000260b6c78ee0, length=18, elements={
0x00000260af22b3e0, 0x00000260af26c160, 0x00000260af2bb530, 0x00000260af2bbdf0,
0x00000260af2bc7a0, 0x00000260af2bd150, 0x00000260af2bde30, 0x00000260af2e9990,
0x00000260af2ee2c0, 0x00000260afe89d30, 0x00000260afea4020, 0x00000260b02d8950,
0x00000260b0128d20, 0x00000260b01292a0, 0x00000260b0126a30, 0x0000026096eb0da0,
0x00000260b0716e50, 0x00000260b02d6790
}

Java Threads: ( => current thread )
  0x00000260af22b3e0 JavaThread "Reference Handler" daemon [_thread_blocked, id=14712, stack(0x000000a992e00000,0x000000a992f00000)]
  0x00000260af26c160 JavaThread "Finalizer" daemon [_thread_blocked, id=6100, stack(0x000000a992f00000,0x000000a993000000)]
  0x00000260af2bb530 JavaThread "Signal Dispatcher" daemon [_thread_blocked, id=10920, stack(0x000000a993000000,0x000000a993100000)]
  0x00000260af2bbdf0 JavaThread "Attach Listener" daemon [_thread_blocked, id=16144, stack(0x000000a993100000,0x000000a993200000)]
  0x00000260af2bc7a0 JavaThread "Service Thread" daemon [_thread_blocked, id=18208, stack(0x000000a993200000,0x000000a993300000)]
  0x00000260af2bd150 JavaThread "Monitor Deflation Thread" daemon [_thread_blocked, id=17720, stack(0x000000a993300000,0x000000a993400000)]
=>0x00000260af2bde30 JavaThread "C2 CompilerThread0" daemon [_thread_in_native, id=14344, stack(0x000000a993400000,0x000000a993500000)]
  0x00000260af2e9990 JavaThread "C1 CompilerThread0" daemon [_thread_blocked, id=6224, stack(0x000000a993500000,0x000000a993600000)]
  0x00000260af2ee2c0 JavaThread "Sweeper thread" daemon [_thread_blocked, id=14992, stack(0x000000a993600000,0x000000a993700000)]
  0x00000260afe89d30 JavaThread "Notification Thread" daemon [_thread_blocked, id=5056, stack(0x000000a993700000,0x000000a993800000)]
  0x00000260afea4020 JavaThread "Common-Cleaner" daemon [_thread_blocked, id=3876, stack(0x000000a993900000,0x000000a993a00000)]
  0x00000260b02d8950 JavaThread "Java2D Disposer" daemon [_thread_blocked, id=14964, stack(0x000000a993a00000,0x000000a993b00000)]
  0x00000260b0128d20 JavaThread "AWT-Shutdown" [_thread_blocked, id=11524, stack(0x000000a993b00000,0x000000a993c00000)]
  0x00000260b01292a0 JavaThread "AWT-Windows" daemon [_thread_in_native, id=12976, stack(0x000000a993c00000,0x000000a993d00000)]
  0x00000260b0126a30 JavaThread "AWT-EventQueue-0" [_thread_blocked, id=4920, stack(0x000000a993d00000,0x000000a993e00000)]
  0x0000026096eb0da0 JavaThread "DestroyJavaVM" [_thread_blocked, id=6616, stack(0x000000a992700000,0x000000a992800000)]
  0x00000260b0716e50 JavaThread "D3D Screen Updater" daemon [_thread_blocked, id=12256, stack(0x000000a994600000,0x000000a994700000)]
  0x00000260b02d6790 JavaThread "Thread-0" [_thread_blocked, id=15072, stack(0x000000a994b00000,0x000000a994c00000)]

Other Threads:
  0x00000260af238c60 VMThread "VM Thread" [stack: 0x000000a992d00000,0x000000a992e00000] [id=10504]
  0x00000260afe8a200 WatcherThread [stack: 0x000000a993800000,0x000000a993900000] [id=17776]
  0x0000026096efd6f0 GCTaskThread "GC Thread#0" [stack: 0x000000a992800000,0x000000a992900000] [id=16624]
  0x00000260b0a9ec70 GCTaskThread "GC Thread#1" [stack: 0x000000a994800000,0x000000a994900000] [id=13124]
  0x00000260b07430b0 GCTaskThread "GC Thread#2" [stack: 0x000000a994900000,0x000000a994a00000] [id=3176]
  0x00000260b0799270 GCTaskThread "GC Thread#3" [stack: 0x000000a994a00000,0x000000a994b00000] [id=13516]
  0x0000026096f0a2b0 ConcurrentGCThread "G1 Main Marker" [stack: 0x000000a992900000,0x000000a992a00000] [id=17368]
  0x0000026096f0b360 ConcurrentGCThread "G1 Conc#0" [stack: 0x000000a992a00000,0x000000a992b00000] [id=15116]
  0x0000026096f6c9e0 ConcurrentGCThread "G1 Refine#0" [stack: 0x000000a992b00000,0x000000a992c00000] [id=2112]
  0x0000026096f6d300 ConcurrentGCThread "G1 Service" [stack: 0x000000a992c00000,0x000000a992d00000] [id=5912]

Threads with active compile tasks:
C2 CompilerThread0    13641 1934   !   4       sun.java2d.SunGraphics2D::drawImage (150 bytes)

VM state: not at safepoint (normal execution)

VM Mutex/Monitor currently owned by a thread: None

Heap address: 0x00000000a1400000, size: 1516 MB, Compressed Oops mode: 32-bit

CDS archive(s) not mapped
Compressed class space mapped at: 0x0000000100000000-0x0000000140000000, reserved size: 1073741824
Narrow klass base: 0x0000000000000000, Narrow klass shift: 3, Narrow klass range: 0x140000000

GC Precious Log:
 CPUs: 4 total, 4 available
 Memory: 6058M
 Large Page Support: Disabled
 NUMA Support: Disabled
 Compressed Oops: Enabled (32-bit)
 Heap Region Size: 1M
 Heap Min Capacity: 8M
 Heap Initial Capacity: 96M
 Heap Max Capacity: 1516M
 Pre-touch: Disabled
 Parallel Workers: 4
 Concurrent Workers: 1
 Concurrent Refinement Workers: 4
 Periodic GC: Disabled

Heap:
 garbage-first heap   total 98304K, used 22039K [0x00000000a1400000, 0x0000000100000000)
  region size 1024K, 8 young (8192K), 1 survivors (1024K)
 Metaspace       used 15442K, committed 15616K, reserved 1064960K
  class space    used 1499K, committed 1600K, reserved 1048576K

Heap Regions: E=young(eden), S=young(survivor), O=old, HS=humongous(starts), HC=humongous(continues), CS=collection set, F=free, OA=open archive, CA=closed archive, TAMS=top-at-mark-start (previous, next)
|   0|0x00000000a1400000, 0x00000000a1500000, 0x00000000a1500000|100%|HS|  |TAMS 0x00000000a1400000, 0x00000000a1400000| Complete 
|   1|0x00000000a1500000, 0x00000000a1600000, 0x00000000a1600000|100%|HS|  |TAMS 0x00000000a1500000, 0x00000000a1500000| Complete 
|   2|0x00000000a1600000, 0x00000000a1700000, 0x00000000a1700000|100%|HC|  |TAMS 0x00000000a1600000, 0x00000000a1600000| Complete 
|   3|0x00000000a1700000, 0x00000000a1800000, 0x00000000a1800000|100%|HC|  |TAMS 0x00000000a1700000, 0x00000000a1700000| Complete 
|   4|0x00000000a1800000, 0x00000000a1900000, 0x00000000a1900000|100%|HS|  |TAMS 0x00000000a1800000, 0x00000000a1800000| Complete 
|   5|0x00000000a1900000, 0x00000000a1a00000, 0x00000000a1a00000|100%|HS|  |TAMS 0x00000000a1900000, 0x00000000a1900000| Complete 
|   6|0x00000000a1a00000, 0x00000000a1b00000, 0x00000000a1b00000|100%|HC|  |TAMS 0x00000000a1a00000, 0x00000000a1a00000| Complete 
|   7|0x00000000a1b00000, 0x00000000a1c00000, 0x00000000a1c00000|100%|HC|  |TAMS 0x00000000a1b00000, 0x00000000a1b00000| Complete 
|   8|0x00000000a1c00000, 0x00000000a1d00000, 0x00000000a1d00000|100%| O|  |TAMS 0x00000000a1c00000, 0x00000000a1c00000| Untracked 
|   9|0x00000000a1d00000, 0x00000000a1e00000, 0x00000000a1e00000|100%|HS|  |TAMS 0x00000000a1d00000, 0x00000000a1d00000| Complete 
|  10|0x00000000a1e00000, 0x00000000a1f00000, 0x00000000a1f00000|100%|HC|  |TAMS 0x00000000a1e00000, 0x00000000a1e00000| Complete 
|  11|0x00000000a1f00000, 0x00000000a2000000, 0x00000000a2000000|100%|HC|  |TAMS 0x00000000a1f00000, 0x00000000a1f00000| Complete 
|  12|0x00000000a2000000, 0x00000000a2100000, 0x00000000a2100000|100%|HS|  |TAMS 0x00000000a2000000, 0x00000000a2000000| Complete 
|  13|0x00000000a2100000, 0x00000000a2200000, 0x00000000a2200000|100%| O|  |TAMS 0x00000000a2100000, 0x00000000a2100000| Untracked 
|  14|0x00000000a2200000, 0x00000000a2285c00, 0x00000000a2300000| 52%| O|  |TAMS 0x00000000a2200000, 0x00000000a2200000| Untracked 
|  15|0x00000000a2300000, 0x00000000a2300000, 0x00000000a2400000|  0%| F|  |TAMS 0x00000000a2300000, 0x00000000a2300000| Untracked 
|  16|0x00000000a2400000, 0x00000000a2400000, 0x00000000a2500000|  0%| F|  |TAMS 0x00000000a2400000, 0x00000000a2400000| Untracked 
|  17|0x00000000a2500000, 0x00000000a2500000, 0x00000000a2600000|  0%| F|  |TAMS 0x00000000a2500000, 0x00000000a2500000| Untracked 
|  18|0x00000000a2600000, 0x00000000a2600000, 0x00000000a2700000|  0%| F|  |TAMS 0x00000000a2600000, 0x00000000a2600000| Untracked 
|  19|0x00000000a2700000, 0x00000000a2700000, 0x00000000a2800000|  0%| F|  |TAMS 0x00000000a2700000, 0x00000000a2700000| Untracked 
|  20|0x00000000a2800000, 0x00000000a2800000, 0x00000000a2900000|  0%| F|  |TAMS 0x00000000a2800000, 0x00000000a2800000| Untracked 
|  21|0x00000000a2900000, 0x00000000a2900000, 0x00000000a2a00000|  0%| F|  |TAMS 0x00000000a2900000, 0x00000000a2900000| Untracked 
|  22|0x00000000a2a00000, 0x00000000a2a00000, 0x00000000a2b00000|  0%| F|  |TAMS 0x00000000a2a00000, 0x00000000a2a00000| Untracked 
|  23|0x00000000a2b00000, 0x00000000a2b00000, 0x00000000a2c00000|  0%| F|  |TAMS 0x00000000a2b00000, 0x00000000a2b00000| Untracked 
|  24|0x00000000a2c00000, 0x00000000a2c00000, 0x00000000a2d00000|  0%| F|  |TAMS 0x00000000a2c00000, 0x00000000a2c00000| Untracked 
|  25|0x00000000a2d00000, 0x00000000a2d00000, 0x00000000a2e00000|  0%| F|  |TAMS 0x00000000a2d00000, 0x00000000a2d00000| Untracked 
|  26|0x00000000a2e00000, 0x00000000a2e00000, 0x00000000a2f00000|  0%| F|  |TAMS 0x00000000a2e00000, 0x00000000a2e00000| Untracked 
|  27|0x00000000a2f00000, 0x00000000a2f00000, 0x00000000a3000000|  0%| F|  |TAMS 0x00000000a2f00000, 0x00000000a2f00000| Untracked 
|  28|0x00000000a3000000, 0x00000000a3000000, 0x00000000a3100000|  0%| F|  |TAMS 0x00000000a3000000, 0x00000000a3000000| Untracked 
|  29|0x00000000a3100000, 0x00000000a3100000, 0x00000000a3200000|  0%| F|  |TAMS 0x00000000a3100000, 0x00000000a3100000| Untracked 
|  30|0x00000000a3200000, 0x00000000a3200000, 0x00000000a3300000|  0%| F|  |TAMS 0x00000000a3200000, 0x00000000a3200000| Untracked 
|  31|0x00000000a3300000, 0x00000000a3300000, 0x00000000a3400000|  0%| F|  |TAMS 0x00000000a3300000, 0x00000000a3300000| Untracked 
|  32|0x00000000a3400000, 0x00000000a3400000, 0x00000000a3500000|  0%| F|  |TAMS 0x00000000a3400000, 0x00000000a3400000| Untracked 
|  33|0x00000000a3500000, 0x00000000a3500000, 0x00000000a3600000|  0%| F|  |TAMS 0x00000000a3500000, 0x00000000a3500000| Untracked 
|  34|0x00000000a3600000, 0x00000000a3600000, 0x00000000a3700000|  0%| F|  |TAMS 0x00000000a3600000, 0x00000000a3600000| Untracked 
|  35|0x00000000a3700000, 0x00000000a3700000, 0x00000000a3800000|  0%| F|  |TAMS 0x00000000a3700000, 0x00000000a3700000| Untracked 
|  36|0x00000000a3800000, 0x00000000a3800000, 0x00000000a3900000|  0%| F|  |TAMS 0x00000000a3800000, 0x00000000a3800000| Untracked 
|  37|0x00000000a3900000, 0x00000000a3900000, 0x00000000a3a00000|  0%| F|  |TAMS 0x00000000a3900000, 0x00000000a3900000| Untracked 
|  38|0x00000000a3a00000, 0x00000000a3a00000, 0x00000000a3b00000|  0%| F|  |TAMS 0x00000000a3a00000, 0x00000000a3a00000| Untracked 
|  39|0x00000000a3b00000, 0x00000000a3b00000, 0x00000000a3c00000|  0%| F|  |TAMS 0x00000000a3b00000, 0x00000000a3b00000| Untracked 
|  40|0x00000000a3c00000, 0x00000000a3c00000, 0x00000000a3d00000|  0%| F|  |TAMS 0x00000000a3c00000, 0x00000000a3c00000| Untracked 
|  41|0x00000000a3d00000, 0x00000000a3d00000, 0x00000000a3e00000|  0%| F|  |TAMS 0x00000000a3d00000, 0x00000000a3d00000| Untracked 
|  42|0x00000000a3e00000, 0x00000000a3e00000, 0x00000000a3f00000|  0%| F|  |TAMS 0x00000000a3e00000, 0x00000000a3e00000| Untracked 
|  43|0x00000000a3f00000, 0x00000000a3f00000, 0x00000000a4000000|  0%| F|  |TAMS 0x00000000a3f00000, 0x00000000a3f00000| Untracked 
|  44|0x00000000a4000000, 0x00000000a4000000, 0x00000000a4100000|  0%| F|  |TAMS 0x00000000a4000000, 0x00000000a4000000| Untracked 
|  45|0x00000000a4100000, 0x00000000a4100000, 0x00000000a4200000|  0%| F|  |TAMS 0x00000000a4100000, 0x00000000a4100000| Untracked 
|  46|0x00000000a4200000, 0x00000000a4200000, 0x00000000a4300000|  0%| F|  |TAMS 0x00000000a4200000, 0x00000000a4200000| Untracked 
|  47|0x00000000a4300000, 0x00000000a4300000, 0x00000000a4400000|  0%| F|  |TAMS 0x00000000a4300000, 0x00000000a4300000| Untracked 
|  48|0x00000000a4400000, 0x00000000a4400000, 0x00000000a4500000|  0%| F|  |TAMS 0x00000000a4400000, 0x00000000a4400000| Untracked 
|  49|0x00000000a4500000, 0x00000000a4500000, 0x00000000a4600000|  0%| F|  |TAMS 0x00000000a4500000, 0x00000000a4500000| Untracked 
|  50|0x00000000a4600000, 0x00000000a4600000, 0x00000000a4700000|  0%| F|  |TAMS 0x00000000a4600000, 0x00000000a4600000| Untracked 
|  51|0x00000000a4700000, 0x00000000a4700000, 0x00000000a4800000|  0%| F|  |TAMS 0x00000000a4700000, 0x00000000a4700000| Untracked 
|  52|0x00000000a4800000, 0x00000000a4800000, 0x00000000a4900000|  0%| F|  |TAMS 0x00000000a4800000, 0x00000000a4800000| Untracked 
|  53|0x00000000a4900000, 0x00000000a4900000, 0x00000000a4a00000|  0%| F|  |TAMS 0x00000000a4900000, 0x00000000a4900000| Untracked 
|  54|0x00000000a4a00000, 0x00000000a4a00000, 0x00000000a4b00000|  0%| F|  |TAMS 0x00000000a4a00000, 0x00000000a4a00000| Untracked 
|  55|0x00000000a4b00000, 0x00000000a4b00000, 0x00000000a4c00000|  0%| F|  |TAMS 0x00000000a4b00000, 0x00000000a4b00000| Untracked 
|  56|0x00000000a4c00000, 0x00000000a4c00000, 0x00000000a4d00000|  0%| F|  |TAMS 0x00000000a4c00000, 0x00000000a4c00000| Untracked 
|  57|0x00000000a4d00000, 0x00000000a4d00000, 0x00000000a4e00000|  0%| F|  |TAMS 0x00000000a4d00000, 0x00000000a4d00000| Untracked 
|  58|0x00000000a4e00000, 0x00000000a4e00000, 0x00000000a4f00000|  0%| F|  |TAMS 0x00000000a4e00000, 0x00000000a4e00000| Untracked 
|  59|0x00000000a4f00000, 0x00000000a4f00000, 0x00000000a5000000|  0%| F|  |TAMS 0x00000000a4f00000, 0x00000000a4f00000| Untracked 
|  60|0x00000000a5000000, 0x00000000a5000000, 0x00000000a5100000|  0%| F|  |TAMS 0x00000000a5000000, 0x00000000a5000000| Untracked 
|  61|0x00000000a5100000, 0x00000000a5100000, 0x00000000a5200000|  0%| F|  |TAMS 0x00000000a5100000, 0x00000000a5100000| Untracked 
|  62|0x00000000a5200000, 0x00000000a5200000, 0x00000000a5300000|  0%| F|  |TAMS 0x00000000a5200000, 0x00000000a5200000| Untracked 
|  63|0x00000000a5300000, 0x00000000a5300000, 0x00000000a5400000|  0%| F|  |TAMS 0x00000000a5300000, 0x00000000a5300000| Untracked 
|  64|0x00000000a5400000, 0x00000000a5400000, 0x00000000a5500000|  0%| F|  |TAMS 0x00000000a5400000, 0x00000000a5400000| Untracked 
|  65|0x00000000a5500000, 0x00000000a5500000, 0x00000000a5600000|  0%| F|  |TAMS 0x00000000a5500000, 0x00000000a5500000| Untracked 
|  66|0x00000000a5600000, 0x00000000a5600000, 0x00000000a5700000|  0%| F|  |TAMS 0x00000000a5600000, 0x00000000a5600000| Untracked 
|  67|0x00000000a5700000, 0x00000000a5700000, 0x00000000a5800000|  0%| F|  |TAMS 0x00000000a5700000, 0x00000000a5700000| Untracked 
|  68|0x00000000a5800000, 0x00000000a5800000, 0x00000000a5900000|  0%| F|  |TAMS 0x00000000a5800000, 0x00000000a5800000| Untracked 
|  69|0x00000000a5900000, 0x00000000a5900000, 0x00000000a5a00000|  0%| F|  |TAMS 0x00000000a5900000, 0x00000000a5900000| Untracked 
|  70|0x00000000a5a00000, 0x00000000a5a00000, 0x00000000a5b00000|  0%| F|  |TAMS 0x00000000a5a00000, 0x00000000a5a00000| Untracked 
|  71|0x00000000a5b00000, 0x00000000a5b00000, 0x00000000a5c00000|  0%| F|  |TAMS 0x00000000a5b00000, 0x00000000a5b00000| Untracked 
|  72|0x00000000a5c00000, 0x00000000a5c00000, 0x00000000a5d00000|  0%| F|  |TAMS 0x00000000a5c00000, 0x00000000a5c00000| Untracked 
|  73|0x00000000a5d00000, 0x00000000a5d00000, 0x00000000a5e00000|  0%| F|  |TAMS 0x00000000a5d00000, 0x00000000a5d00000| Untracked 
|  74|0x00000000a5e00000, 0x00000000a5e00000, 0x00000000a5f00000|  0%| F|  |TAMS 0x00000000a5e00000, 0x00000000a5e00000| Untracked 
|  75|0x00000000a5f00000, 0x00000000a5f00000, 0x00000000a6000000|  0%| F|  |TAMS 0x00000000a5f00000, 0x00000000a5f00000| Untracked 
|  76|0x00000000a6000000, 0x00000000a6000000, 0x00000000a6100000|  0%| F|  |TAMS 0x00000000a6000000, 0x00000000a6000000| Untracked 
|  77|0x00000000a6100000, 0x00000000a6100000, 0x00000000a6200000|  0%| F|  |TAMS 0x00000000a6100000, 0x00000000a6100000| Untracked 
|  78|0x00000000a6200000, 0x00000000a6300000, 0x00000000a6300000|100%| S|CS|TAMS 0x00000000a6200000, 0x00000000a6200000| Complete 
|  79|0x00000000a6300000, 0x00000000a6300000, 0x00000000a6400000|  0%| F|  |TAMS 0x00000000a6300000, 0x00000000a6300000| Untracked 
|  80|0x00000000a6400000, 0x00000000a6400000, 0x00000000a6500000|  0%| F|  |TAMS 0x00000000a6400000, 0x00000000a6400000| Untracked 
|  81|0x00000000a6500000, 0x00000000a6500000, 0x00000000a6600000|  0%| F|  |TAMS 0x00000000a6500000, 0x00000000a6500000| Untracked 
|  82|0x00000000a6600000, 0x00000000a6600000, 0x00000000a6700000|  0%| F|  |TAMS 0x00000000a6600000, 0x00000000a6600000| Untracked 
|  83|0x00000000a6700000, 0x00000000a6700000, 0x00000000a6800000|  0%| F|  |TAMS 0x00000000a6700000, 0x00000000a6700000| Untracked 
|  84|0x00000000a6800000, 0x00000000a6800000, 0x00000000a6900000|  0%| F|  |TAMS 0x00000000a6800000, 0x00000000a6800000| Untracked 
|  85|0x00000000a6900000, 0x00000000a6900000, 0x00000000a6a00000|  0%| F|  |TAMS 0x00000000a6900000, 0x00000000a6900000| Untracked 
|  86|0x00000000a6a00000, 0x00000000a6a00000, 0x00000000a6b00000|  0%| F|  |TAMS 0x00000000a6a00000, 0x00000000a6a00000| Untracked 
|  87|0x00000000a6b00000, 0x00000000a6b00000, 0x00000000a6c00000|  0%| F|  |TAMS 0x00000000a6b00000, 0x00000000a6b00000| Untracked 
|  88|0x00000000a6c00000, 0x00000000a6c00000, 0x00000000a6d00000|  0%| F|  |TAMS 0x00000000a6c00000, 0x00000000a6c00000| Untracked 
|  89|0x00000000a6d00000, 0x00000000a6d80800, 0x00000000a6e00000| 50%| E|  |TAMS 0x00000000a6d00000, 0x00000000a6d00000| Complete 
|  90|0x00000000a6e00000, 0x00000000a6f00000, 0x00000000a6f00000|100%| E|CS|TAMS 0x00000000a6e00000, 0x00000000a6e00000| Complete 
|  91|0x00000000a6f00000, 0x00000000a7000000, 0x00000000a7000000|100%| E|CS|TAMS 0x00000000a6f00000, 0x00000000a6f00000| Complete 
|  92|0x00000000a7000000, 0x00000000a7100000, 0x00000000a7100000|100%| E|CS|TAMS 0x00000000a7000000, 0x00000000a7000000| Complete 
|  93|0x00000000a7100000, 0x00000000a7200000, 0x00000000a7200000|100%| E|CS|TAMS 0x00000000a7100000, 0x00000000a7100000| Complete 
|  94|0x00000000a7200000, 0x00000000a7300000, 0x00000000a7300000|100%| E|CS|TAMS 0x00000000a7200000, 0x00000000a7200000| Complete 
|  95|0x00000000a7300000, 0x00000000a7400000, 0x00000000a7400000|100%| E|CS|TAMS 0x00000000a7300000, 0x00000000a7300000| Complete 

Card table byte_map: [0x00000260a9860000,0x00000260a9b60000] _byte_map_base: 0x00000260a9356000

Marking Bits (Prev, Next): (CMBitMap*) 0x0000026096efdc00, (CMBitMap*) 0x0000026096efdc40
 Prev Bits: [0x00000260a9e60000, 0x00000260ab610000)
 Next Bits: [0x00000260ab610000, 0x00000260acdc0000)

Polling page: 0x0000026094e30000

Metaspace:

Usage:
  Non-class:     13.62 MB used.
      Class:      1.46 MB used.
       Both:     15.08 MB used.

Virtual space:
  Non-class space:       16.00 MB reserved,      13.69 MB ( 86%) committed,  2 nodes.
      Class space:        1.00 GB reserved,       1.56 MB ( <1%) committed,  1 nodes.
             Both:        1.02 GB reserved,      15.25 MB (  1%) committed. 

Chunk freelists:
   Non-Class:  2.16 MB
       Class:  2.48 MB
        Both:  4.64 MB

MaxMetaspaceSize: unlimited
CompressedClassSpaceSize: 1.00 GB
Initial GC threshold: 21.00 MB
Current GC threshold: 21.00 MB
CDS: off
MetaspaceReclaimPolicy: balanced
 - commit_granule_bytes: 65536.
 - commit_granule_words: 8192.
 - virtual_space_node_default_size: 1048576.
 - enlarge_chunks_in_place: 1.
 - new_chunks_are_fully_committed: 0.
 - uncommit_free_chunks: 1.
 - use_allocation_guard: 0.
 - handle_deallocations: 1.


Internal statistics:

num_allocs_failed_limit: 0.
num_arena_births: 120.
num_arena_deaths: 0.
num_vsnodes_births: 3.
num_vsnodes_deaths: 0.
num_space_committed: 244.
num_space_uncommitted: 0.
num_chunks_returned_to_freelist: 0.
num_chunks_taken_from_freelist: 186.
num_chunk_merges: 0.
num_chunk_splits: 104.
num_chunks_enlarged: 59.
num_purges: 0.
num_inconsistent_stats: 0.

CodeHeap 'non-profiled nmethods': size=120000Kb used=741Kb max_used=741Kb free=119258Kb
 bounds [0x00000260a2030000, 0x00000260a22a0000, 0x00000260a9560000]
CodeHeap 'profiled nmethods': size=120000Kb used=3773Kb max_used=3773Kb free=116226Kb
 bounds [0x000002609ab00000, 0x000002609aeb0000, 0x00000260a2030000]
CodeHeap 'non-nmethods': size=5760Kb used=1267Kb max_used=1309Kb free=4492Kb
 bounds [0x000002609a560000, 0x000002609a7d0000, 0x000002609ab00000]
 total_blobs=2521 nmethods=1930 adapters=504
 compilation: enabled
              stopped_count=0, restarted_count=0
 full_count=0

Compilation events (20 events):
Event: 13.052 Thread 0x00000260af2e9990 nmethod 1924 0x000002609aeaf310 code [0x000002609aeaf4a0, 0x000002609aeaf5b8]
Event: 13.060 Thread 0x00000260af2e9990 1925       1       javax.swing.JComponent$IntVector::size (5 bytes)
Event: 13.060 Thread 0x00000260af2e9990 nmethod 1925 0x00000260a20e4110 code [0x00000260a20e42a0, 0x00000260a20e4378]
Event: 13.208 Thread 0x00000260af2bde30 1926       4       sun.java2d.SunGraphics2D::translate (68 bytes)
Event: 13.210 Thread 0x00000260af2bde30 nmethod 1926 0x00000260a20e4410 code [0x00000260a20e45a0, 0x00000260a20e46c8]
Event: 13.243 Thread 0x00000260af2e9990 1927       1       java.awt.Window::isFocusCycleRoot (2 bytes)
Event: 13.243 Thread 0x00000260af2e9990 nmethod 1927 0x00000260a20e4810 code [0x00000260a20e49a0, 0x00000260a20e4a78]
Event: 13.255 Thread 0x00000260af2bde30 1928       4       java.awt.Component::getBackground (29 bytes)
Event: 13.256 Thread 0x00000260af2bde30 nmethod 1928 0x00000260a20e4b10 code [0x00000260a20e4c80, 0x00000260a20e4d18]
Event: 13.317 Thread 0x00000260af2bde30 1929       4       java.awt.Component::getGraphics (124 bytes)
Event: 13.366 Thread 0x00000260af2bde30 nmethod 1929 0x00000260a20e4e10 code [0x00000260a20e5080, 0x00000260a20e68c8]
Event: 13.366 Thread 0x00000260af2bde30 1930       4       java.lang.StringLatin1::lastIndexOf (125 bytes)
Event: 13.368 Thread 0x00000260af2bde30 nmethod 1930 0x00000260a20e7a90 code [0x00000260a20e7c20, 0x00000260a20e7db8]
Event: 13.397 Thread 0x00000260af2bde30 1931       4       java.lang.StringUTF16::compress (50 bytes)
Event: 13.404 Thread 0x00000260af2bde30 nmethod 1931 0x00000260a20e8010 code [0x00000260a20e8180, 0x00000260a20e84f8]
Event: 13.506 Thread 0x00000260af2bde30 1932       4       java.awt.geom.AffineTransform::equals (92 bytes)
Event: 13.507 Thread 0x00000260af2bde30 nmethod 1932 0x00000260a20e8610 code [0x00000260a20e87a0, 0x00000260a20e8998]
Event: 13.538 Thread 0x00000260af2bde30 1933   !   4       sun.java2d.SunGraphics2D::drawHiDPIImage (540 bytes)
Event: 13.546 Thread 0x00000260af2bde30 nmethod 1933 0x00000260a20e8a90 code [0x00000260a20e8ca0, 0x00000260a20e90e8]
Event: 13.554 Thread 0x00000260af2bde30 1934   !   4       sun.java2d.SunGraphics2D::drawImage (150 bytes)

GC Heap History (4 events):
Event: 2.628 GC heap before
{Heap before GC invocations=0 (full 0):
 garbage-first heap   total 98304K, used 21504K [0x00000000a1400000, 0x0000000100000000)
  region size 1024K, 13 young (13312K), 0 survivors (0K)
 Metaspace       used 14151K, committed 14400K, reserved 1064960K
  class space    used 1418K, committed 1536K, reserved 1048576K
}
Event: 2.635 GC heap after
{Heap after GC invocations=1 (full 0):
 garbage-first heap   total 98304K, used 10818K [0x00000000a1400000, 0x0000000100000000)
  region size 1024K, 2 young (2048K), 2 survivors (2048K)
 Metaspace       used 14151K, committed 14400K, reserved 1064960K
  class space    used 1418K, committed 1536K, reserved 1048576K
}
Event: 9.031 GC heap before
{Heap before GC invocations=1 (full 0):
 garbage-first heap   total 98304K, used 30274K [0x00000000a1400000, 0x0000000100000000)
  region size 1024K, 17 young (17408K), 2 survivors (2048K)
 Metaspace       used 15239K, committed 15424K, reserved 1064960K
  class space    used 1499K, committed 1600K, reserved 1048576K
}
Event: 9.036 GC heap after
{Heap after GC invocations=2 (full 0):
 garbage-first heap   total 98304K, used 15895K [0x00000000a1400000, 0x0000000100000000)
  region size 1024K, 1 young (1024K), 1 survivors (1024K)
 Metaspace       used 15239K, committed 15424K, reserved 1064960K
  class space    used 1499K, committed 1600K, reserved 1048576K
}

Deoptimization events (20 events):
Event: 7.085 Thread 0x00000260b0126a30 Uncommon trap: trap_request=0xffffffde fr.pc=0x00000260a20866ec relative=0x00000000000002ac
Event: 7.085 Thread 0x00000260b0126a30 Uncommon trap: reason=class_check action=maybe_recompile pc=0x00000260a20866ec method=java.util.HashMap.getNode(Ljava/lang/Object;)Ljava/util/HashMap$Node; @ 128 c2
Event: 7.085 Thread 0x00000260b0126a30 DEOPT PACKING pc=0x00000260a20866ec sp=0x000000a993dfe840
Event: 7.085 Thread 0x00000260b0126a30 DEOPT UNPACKING pc=0x000002609a5b23a3 sp=0x000000a993dfe7a8 mode 2
Event: 7.305 Thread 0x00000260b0126a30 Uncommon trap: trap_request=0xffffffde fr.pc=0x00000260a20866ec relative=0x00000000000002ac
Event: 7.305 Thread 0x00000260b0126a30 Uncommon trap: reason=class_check action=maybe_recompile pc=0x00000260a20866ec method=java.util.HashMap.getNode(Ljava/lang/Object;)Ljava/util/HashMap$Node; @ 128 c2
Event: 7.305 Thread 0x00000260b0126a30 DEOPT PACKING pc=0x00000260a20866ec sp=0x000000a993dfe8a0
Event: 7.305 Thread 0x00000260b0126a30 DEOPT UNPACKING pc=0x000002609a5b23a3 sp=0x000000a993dfe808 mode 2
Event: 7.805 Thread 0x00000260b0126a30 Uncommon trap: trap_request=0xffffffde fr.pc=0x00000260a20866ec relative=0x00000000000002ac
Event: 7.805 Thread 0x00000260b0126a30 Uncommon trap: reason=class_check action=maybe_recompile pc=0x00000260a20866ec method=java.util.HashMap.getNode(Ljava/lang/Object;)Ljava/util/HashMap$Node; @ 128 c2
Event: 7.805 Thread 0x00000260b0126a30 DEOPT PACKING pc=0x00000260a20866ec sp=0x000000a993dfe850
Event: 7.805 Thread 0x00000260b0126a30 DEOPT UNPACKING pc=0x000002609a5b23a3 sp=0x000000a993dfe7b8 mode 2
Event: 8.732 Thread 0x00000260b02d6790 DEOPT PACKING pc=0x000002609add45d6 sp=0x000000a994bff1f0
Event: 8.732 Thread 0x00000260b02d6790 DEOPT UNPACKING pc=0x000002609a5b2b43 sp=0x000000a994bfe6b0 mode 0
Event: 9.707 Thread 0x00000260b0126a30 DEOPT PACKING pc=0x000002609acf4382 sp=0x000000a993dfef00
Event: 9.707 Thread 0x00000260b0126a30 DEOPT UNPACKING pc=0x000002609a5b2b43 sp=0x000000a993dfe390 mode 0
Event: 13.365 Thread 0x00000260b02d6790 DEOPT PACKING pc=0x000002609ac36c4e sp=0x000000a994bfeb20
Event: 13.365 Thread 0x00000260b02d6790 DEOPT UNPACKING pc=0x000002609a5b2b43 sp=0x000000a994bfdf68 mode 0
Event: 13.397 Thread 0x00000260b02d6790 DEOPT PACKING pc=0x000002609ac324fe sp=0x000000a994bfe9c0
Event: 13.397 Thread 0x00000260b02d6790 DEOPT UNPACKING pc=0x000002609a5b2b43 sp=0x000000a994bfde30 mode 0

Classes unloaded (0 events):
No events

Classes redefined (0 events):
No events

Internal exceptions (14 events):
Event: 0.788 Thread 0x0000026096eb0da0 Exception <a 'java/lang/ClassNotFoundException'{0x00000000a72322c8}: sun/awt/resources/spi/awtProvider> (0x00000000a72322c8) 
thrown [e:\jenkins\tmp\workspace\build\src\src\hotspot\share\classfile\systemDictionary.cpp, line 256]
Event: 0.838 Thread 0x0000026096eb0da0 Exception <a 'java/io/FileNotFoundException'{0x00000000a728d5e0}> (0x00000000a728d5e0) 
thrown [e:\jenkins\tmp\workspace\build\src\src\hotspot\share\prims\jni.cpp, line 516]
Event: 0.850 Thread 0x0000026096eb0da0 Exception <a 'java/io/FileNotFoundException'{0x00000000a72ba5b8}> (0x00000000a72ba5b8) 
thrown [e:\jenkins\tmp\workspace\build\src\src\hotspot\share\prims\jni.cpp, line 516]
Event: 0.910 Thread 0x0000026096eb0da0 Exception <a 'java/lang/NoSuchMethodError'{0x00000000a72f0a30}: 'java.lang.Object java.lang.invoke.DirectMethodHandle$Holder.invokeStaticInit(java.lang.Object)'> (0x00000000a72f0a30) 
thrown [e:\jenkins\tmp\workspace\build\src\src\hotspot\share\interpreter\linkResolver.cpp, line 766]
Event: 1.090 Thread 0x00000260b0126a30 Exception <a 'java/lang/NoSuchMethodError'{0x00000000a70129e8}: 'void java.lang.invoke.DirectMethodHandle$Holder.invokeSpecial(java.lang.Object, java.lang.Object, java.lang.Object)'> (0x00000000a70129e8) 
thrown [e:\jenkins\tmp\workspace\build\src\src\hotspot\share\interpreter\linkResolver.cpp, line 766]
Event: 1.109 Thread 0x00000260b0126a30 Exception <a 'java/lang/NoSuchMethodError'{0x00000000a703cb98}: 'java.lang.Object java.lang.invoke.DirectMethodHandle$Holder.newInvokeSpecial(java.lang.Object, java.lang.Object, java.lang.Object, java.lang.Object, java.lang.Object)'> (0x00000000a703cb98) 
thrown [e:\jenkins\tmp\workspace\build\src\src\hotspot\share\interpreter\linkResolver.cpp, line 766]
Event: 1.111 Thread 0x00000260b0126a30 Exception <a 'java/lang/NoSuchMethodError'{0x00000000a70487e0}: 'java.lang.Object java.lang.invoke.DirectMethodHandle$Holder.invokeStatic(java.lang.Object, int, java.lang.Object, java.lang.Object, java.lang.Object, java.lang.Object)'> (0x00000000a70487e0) 
thrown [e:\jenkins\tmp\workspace\build\src\src\hotspot\share\interpreter\linkResolver.cpp, line 766]
Event: 1.120 Thread 0x00000260b0126a30 Exception <a 'java/lang/NoSuchMethodError'{0x00000000a706dfa0}: 'java.lang.Object java.lang.invoke.DirectMethodHandle$Holder.invokeStatic(java.lang.Object, int, java.lang.Object)'> (0x00000000a706dfa0) 
thrown [e:\jenkins\tmp\workspace\build\src\src\hotspot\share\interpreter\linkResolver.cpp, line 766]
Event: 1.170 Thread 0x00000260b0126a30 Exception <a 'java/lang/ClassNotFoundException'{0x00000000a6f26308}: com/sun/swing/internal/plaf/metal/resources/spi/metalProvider> (0x00000000a6f26308) 
thrown [e:\jenkins\tmp\workspace\build\src\src\hotspot\share\classfile\systemDictionary.cpp, line 256]
Event: 1.173 Thread 0x00000260b0126a30 Exception <a 'java/lang/ClassNotFoundException'{0x00000000a6f2ad60}: com/sun/swing/internal/plaf/basic/resources/spi/basicProvider> (0x00000000a6f2ad60) 
thrown [e:\jenkins\tmp\workspace\build\src\src\hotspot\share\classfile\systemDictionary.cpp, line 256]
Event: 1.308 Thread 0x00000260b054a250 Exception <a 'java/lang/NoSuchMethodError'{0x00000000a6d37dc8}: 'java.lang.Object java.lang.invoke.DirectMethodHandle$Holder.newInvokeSpecial(java.lang.Object, java.lang.Object, java.lang.Object, int, int, int, int, int)'> (0x00000000a6d37dc8) 
thrown [e:\jenkins\tmp\workspace\build\src\src\hotspot\share\interpreter\linkResolver.cpp, line 766]
Event: 1.433 Thread 0x00000260b0126a30 Exception <a 'java/lang/NoSuchMethodError'{0x00000000a6f79108}: 'void java.lang.invoke.DirectMethodHandle$Holder.invokeStaticInit(java.lang.Object)'> (0x00000000a6f79108) 
thrown [e:\jenkins\tmp\workspace\build\src\src\hotspot\share\interpreter\linkResolver.cpp, line 766]
Event: 1.531 Thread 0x00000260b01292a0 Exception <a 'java/lang/NoSuchMethodError'{0x00000000a710fe78}: 'void java.lang.invoke.DirectMethodHandle$Holder.invokeVirtual(java.lang.Object, java.lang.Object)'> (0x00000000a710fe78) 
thrown [e:\jenkins\tmp\workspace\build\src\src\hotspot\share\interpreter\linkResolver.cpp, line 766]
Event: 2.709 Thread 0x00000260b054a250 Implicit null exception at 0x00000260a207ab60 to 0x00000260a207b04c

VM Operations (20 events):
Event: 3.643 Executing VM operation: Cleanup
Event: 3.643 Executing VM operation: Cleanup done
Event: 4.645 Executing VM operation: Cleanup
Event: 4.645 Executing VM operation: Cleanup done
Event: 6.671 Executing VM operation: Cleanup
Event: 6.671 Executing VM operation: Cleanup done
Event: 7.684 Executing VM operation: Cleanup
Event: 7.684 Executing VM operation: Cleanup done
Event: 8.684 Executing VM operation: Cleanup
Event: 8.685 Executing VM operation: Cleanup done
Event: 9.031 Executing VM operation: G1CollectForAllocation
Event: 9.036 Executing VM operation: G1CollectForAllocation done
Event: 10.047 Executing VM operation: Cleanup
Event: 10.047 Executing VM operation: Cleanup done
Event: 11.058 Executing VM operation: Cleanup
Event: 11.058 Executing VM operation: Cleanup done
Event: 12.066 Executing VM operation: Cleanup
Event: 12.066 Executing VM operation: Cleanup done
Event: 13.066 Executing VM operation: Cleanup
Event: 13.067 Executing VM operation: Cleanup done

Events (20 events):
Event: 6.887 loading class sun/awt/DebugSettings
Event: 6.887 loading class sun/awt/DebugSettings done
Event: 6.888 loading class javax/swing/JComponent$KeyboardState
Event: 6.888 loading class javax/swing/JComponent$KeyboardState done
Event: 6.888 loading class javax/swing/JComponent$IntVector
Event: 6.888 loading class javax/swing/JComponent$IntVector done
Event: 6.888 loading class javax/swing/KeyboardManager
Event: 6.889 loading class javax/swing/KeyboardManager done
Event: 6.889 loading class javax/swing/Popup$HeavyWeightWindow
Event: 6.889 loading class sun/awt/ModalExclude
Event: 6.889 loading class sun/awt/ModalExclude done
Event: 6.889 loading class javax/swing/JWindow
Event: 6.890 loading class javax/swing/JWindow done
Event: 6.890 loading class javax/swing/Popup$HeavyWeightWindow done
Event: 9.123 Thread 0x00000260b00a8010 Thread added: 0x00000260b00a8010
Event: 9.126 Thread 0x00000260b00a8010 Thread exited: 0x00000260b00a8010
Event: 11.272 Thread 0x00000260b054a250 Thread exited: 0x00000260b054a250
Event: 11.277 Thread 0x00000260b00a6cd0 Thread exited: 0x00000260b00a6cd0
Event: 11.956 Thread 0x00000260b00a7670 Thread added: 0x00000260b00a7670
Event: 11.957 Thread 0x00000260b00a7670 Thread exited: 0x00000260b00a7670


Dynamic libraries:
0x00007ff769b70000 - 0x00007ff769b7e000 	C:\Users\Usuario\.p2\pool\plugins\org.eclipse.justj.openjdk.hotspot.jre.full.win32.x86_64_17.0.3.v20220515-1416\jre\bin\javaw.exe
0x00007ffa17bb0000 - 0x00007ffa17dc7000 	C:\WINDOWS\SYSTEM32\ntdll.dll
0x00007ffa16c50000 - 0x00007ffa16d14000 	C:\WINDOWS\System32\KERNEL32.DLL
0x00007ffa15120000 - 0x00007ffa154c6000 	C:\WINDOWS\System32\KERNELBASE.dll
0x00007ffa14ef0000 - 0x00007ffa15001000 	C:\WINDOWS\System32\ucrtbase.dll
0x00007ffa0d020000 - 0x00007ffa0d038000 	C:\Users\Usuario\.p2\pool\plugins\org.eclipse.justj.openjdk.hotspot.jre.full.win32.x86_64_17.0.3.v20220515-1416\jre\bin\jli.dll
0x00007ffa179a0000 - 0x00007ffa17b4e000 	C:\WINDOWS\System32\USER32.dll
0x00007ffa15760000 - 0x00007ffa15786000 	C:\WINDOWS\System32\win32u.dll
0x00007ffa16d80000 - 0x00007ffa16da9000 	C:\WINDOWS\System32\GDI32.dll
0x00007ffa15640000 - 0x00007ffa15758000 	C:\WINDOWS\System32\gdi32full.dll
0x00007ffa15010000 - 0x00007ffa150aa000 	C:\WINDOWS\System32\msvcp_win.dll
0x00007ffa0cfe0000 - 0x00007ffa0cff9000 	C:\Users\Usuario\.p2\pool\plugins\org.eclipse.justj.openjdk.hotspot.jre.full.win32.x86_64_17.0.3.v20220515-1416\jre\bin\VCRUNTIME140.dll
0x00007ffa03740000 - 0x00007ffa039d3000 	C:\WINDOWS\WinSxS\amd64_microsoft.windows.common-controls_6595b64144ccf1df_6.0.22621.2506_none_270c5ae97388e100\COMCTL32.dll
0x00007ffa17690000 - 0x00007ffa17737000 	C:\WINDOWS\System32\msvcrt.dll
0x00007ffa16d30000 - 0x00007ffa16d61000 	C:\WINDOWS\System32\IMM32.DLL
0x00007ffa0d010000 - 0x00007ffa0d01c000 	C:\Users\Usuario\.p2\pool\plugins\org.eclipse.justj.openjdk.hotspot.jre.full.win32.x86_64_17.0.3.v20220515-1416\jre\bin\vcruntime140_1.dll
0x00007ff9e3ce0000 - 0x00007ff9e3d71000 	C:\Users\Usuario\.p2\pool\plugins\org.eclipse.justj.openjdk.hotspot.jre.full.win32.x86_64_17.0.3.v20220515-1416\jre\bin\msvcp140.dll
0x00007ff9c7b80000 - 0x00007ff9c87c8000 	C:\Users\Usuario\.p2\pool\plugins\org.eclipse.justj.openjdk.hotspot.jre.full.win32.x86_64_17.0.3.v20220515-1416\jre\bin\server\jvm.dll
0x00007ffa15900000 - 0x00007ffa159b3000 	C:\WINDOWS\System32\ADVAPI32.dll
0x00007ffa159c0000 - 0x00007ffa15a68000 	C:\WINDOWS\System32\sechost.dll
0x00007ffa15790000 - 0x00007ffa157b8000 	C:\WINDOWS\System32\bcrypt.dll
0x00007ffa17570000 - 0x00007ffa17687000 	C:\WINDOWS\System32\RPCRT4.dll
0x00007ffa16db0000 - 0x00007ffa16db8000 	C:\WINDOWS\System32\PSAPI.DLL
0x00007ffa041a0000 - 0x00007ffa041a9000 	C:\WINDOWS\SYSTEM32\WSOCK32.dll
0x00007ffa17470000 - 0x00007ffa174e1000 	C:\WINDOWS\System32\WS2_32.dll
0x00007ffa0ecd0000 - 0x00007ffa0ecda000 	C:\WINDOWS\SYSTEM32\VERSION.dll
0x00007ffa0ce20000 - 0x00007ffa0ce54000 	C:\WINDOWS\SYSTEM32\WINMM.dll
0x00007ffa13f30000 - 0x00007ffa13f48000 	C:\WINDOWS\SYSTEM32\kernel.appcore.dll
0x00007ffa02cb0000 - 0x00007ffa02cba000 	C:\Users\Usuario\.p2\pool\plugins\org.eclipse.justj.openjdk.hotspot.jre.full.win32.x86_64_17.0.3.v20220515-1416\jre\bin\jimage.dll
0x00007ffa00440000 - 0x00007ffa00673000 	C:\WINDOWS\SYSTEM32\DBGHELP.DLL
0x00007ffa16060000 - 0x00007ffa163e9000 	C:\WINDOWS\System32\combase.dll
0x00007ffa17390000 - 0x00007ffa17467000 	C:\WINDOWS\System32\OLEAUT32.dll
0x00007ff9f6d50000 - 0x00007ff9f6d82000 	C:\WINDOWS\SYSTEM32\dbgcore.DLL
0x00007ffa157c0000 - 0x00007ffa1583a000 	C:\WINDOWS\System32\bcryptPrimitives.dll
0x00007ff9d4370000 - 0x00007ff9d4395000 	C:\Users\Usuario\.p2\pool\plugins\org.eclipse.justj.openjdk.hotspot.jre.full.win32.x86_64_17.0.3.v20220515-1416\jre\bin\java.dll
0x00007ff9e2970000 - 0x00007ff9e2988000 	C:\Users\Usuario\.p2\pool\plugins\org.eclipse.justj.openjdk.hotspot.jre.full.win32.x86_64_17.0.3.v20220515-1416\jre\bin\zip.dll
0x00007ffa163f0000 - 0x00007ffa16c4b000 	C:\WINDOWS\System32\SHELL32.dll
0x00007ffa12e50000 - 0x00007ffa13746000 	C:\WINDOWS\SYSTEM32\windows.storage.dll
0x00007ffa12d10000 - 0x00007ffa12e4e000 	C:\WINDOWS\SYSTEM32\wintypes.dll
0x00007ffa178a0000 - 0x00007ffa17993000 	C:\WINDOWS\System32\SHCORE.dll
0x00007ffa174f0000 - 0x00007ffa1754e000 	C:\WINDOWS\System32\shlwapi.dll
0x00007ffa14e20000 - 0x00007ffa14e46000 	C:\WINDOWS\SYSTEM32\profapi.dll
0x00007ff9df570000 - 0x00007ff9df6fe000 	C:\Users\Usuario\.p2\pool\plugins\org.eclipse.justj.openjdk.hotspot.jre.full.win32.x86_64_17.0.3.v20220515-1416\jre\bin\awt.dll
0x00007ffa122a0000 - 0x00007ffa12337000 	C:\WINDOWS\SYSTEM32\apphelp.dll
0x00007ffa12460000 - 0x00007ffa1250b000 	C:\WINDOWS\system32\uxtheme.dll
0x00007ffa17740000 - 0x00007ffa17891000 	C:\WINDOWS\System32\MSCTF.dll
0x00007ffa17190000 - 0x00007ffa17330000 	C:\WINDOWS\System32\ole32.dll
0x00007ffa126c0000 - 0x00007ffa126eb000 	C:\WINDOWS\system32\DWMAPI.DLL
0x00007ff9e3be0000 - 0x00007ff9e3ce0000 	C:\WINDOWS\system32\opengl32.dll
0x00007ffa06bd0000 - 0x00007ffa06bfd000 	C:\WINDOWS\SYSTEM32\GLU32.dll
0x00007ffa12550000 - 0x00007ffa12589000 	C:\WINDOWS\SYSTEM32\dxcore.dll
0x00007ff9e8ce0000 - 0x00007ff9e8e89000 	C:\WINDOWS\system32\d3d9.dll
0x00007ffa0ca70000 - 0x00007ffa0cc2b000 	C:\WINDOWS\System32\DriverStore\FileRepository\u0389648.inf_amd64_00a4b5829b82c480\B385477\aticfx64.dll
0x00007ffa06860000 - 0x00007ffa06894000 	C:\WINDOWS\System32\DriverStore\FileRepository\u0389648.inf_amd64_00a4b5829b82c480\B385477\atiu9p64.dll
0x00007ff9dbc50000 - 0x00007ff9dc9a5000 	C:\WINDOWS\System32\DriverStore\FileRepository\u0389648.inf_amd64_00a4b5829b82c480\B385477\atiumd64.dll
0x000000006b710000 - 0x000000006c637000 	C:\WINDOWS\System32\DriverStore\FileRepository\u0389648.inf_amd64_00a4b5829b82c480\B385477\atiumd6a.dll
0x00007ffa15be0000 - 0x00007ffa16054000 	C:\WINDOWS\System32\SETUPAPI.dll
0x00007ffa14c10000 - 0x00007ffa14c5d000 	C:\WINDOWS\SYSTEM32\POWRPROF.dll
0x00007ffa14bf0000 - 0x00007ffa14c03000 	C:\WINDOWS\SYSTEM32\UMPDC.dll
0x00007ffa0a810000 - 0x00007ffa0a845000 	C:\WINDOWS\SYSTEM32\amdihk64.dll
0x00007ffa0ff70000 - 0x00007ffa0ffba000 	C:\WINDOWS\SYSTEM32\directxdatabasehelper.dll
0x00007ff9e3a60000 - 0x00007ff9e3ae9000 	C:\Users\Usuario\.p2\pool\plugins\org.eclipse.justj.openjdk.hotspot.jre.full.win32.x86_64_17.0.3.v20220515-1416\jre\bin\freetype.dll
0x00007ff9e39b0000 - 0x00007ff9e3a58000 	C:\Users\Usuario\.p2\pool\plugins\org.eclipse.justj.openjdk.hotspot.jre.full.win32.x86_64_17.0.3.v20220515-1416\jre\bin\fontmanager.dll
0x00007ffa03210000 - 0x00007ffa0335a000 	C:\WINDOWS\SYSTEM32\textinputframework.dll
0x00007ff9e1830000 - 0x00007ff9e1849000 	C:\Users\Usuario\.p2\pool\plugins\org.eclipse.justj.openjdk.hotspot.jre.full.win32.x86_64_17.0.3.v20220515-1416\jre\bin\net.dll
0x00007ffa0d280000 - 0x00007ffa0d3b7000 	C:\WINDOWS\SYSTEM32\WINHTTP.dll
0x00007ffa143b0000 - 0x00007ffa14419000 	C:\WINDOWS\system32\mswsock.dll
0x00007ff9e0de0000 - 0x00007ff9e0df5000 	C:\Users\Usuario\.p2\pool\plugins\org.eclipse.justj.openjdk.hotspot.jre.full.win32.x86_64_17.0.3.v20220515-1416\jre\bin\nio.dll
0x00007ffa11e00000 - 0x00007ffa11f34000 	C:\WINDOWS\SYSTEM32\CoreMessaging.dll
0x00007ffa0f7f0000 - 0x00007ffa0fb5c000 	C:\WINDOWS\SYSTEM32\CoreUIComponents.dll
0x00007ffa14620000 - 0x00007ffa1462c000 	C:\WINDOWS\SYSTEM32\CRYPTBASE.DLL

dbghelp: loaded successfully - version: 4.0.5 - missing functions: none
symbol engine: initialized successfully - sym options: 0x614 - pdb path: .;C:\Users\Usuario\.p2\pool\plugins\org.eclipse.justj.openjdk.hotspot.jre.full.win32.x86_64_17.0.3.v20220515-1416\jre\bin;C:\WINDOWS\SYSTEM32;C:\WINDOWS\WinSxS\amd64_microsoft.windows.common-controls_6595b64144ccf1df_6.0.22621.2506_none_270c5ae97388e100;C:\Users\Usuario\.p2\pool\plugins\org.eclipse.justj.openjdk.hotspot.jre.full.win32.x86_64_17.0.3.v20220515-1416\jre\bin\server;C:\WINDOWS\System32\DriverStore\FileRepository\u0389648.inf_amd64_00a4b5829b82c480\B385477

VM Arguments:
jvm_args: -Dfile.encoding=UTF-8 -XX:+ShowCodeDetailsInExceptionMessages 
java_command: Grafica.MainMenu
java_class_path (initial): C:\Users\Usuario\Desktop\tdpWorkspace\RoadFighter\bin
Launcher Type: SUN_STANDARD

[Global flags]
     intx CICompilerCount                          = 3                                         {product} {ergonomic}
     uint ConcGCThreads                            = 1                                         {product} {ergonomic}
     uint G1ConcRefinementThreads                  = 4                                         {product} {ergonomic}
   size_t G1HeapRegionSize                         = 1048576                                   {product} {ergonomic}
    uintx GCDrainStackTargetSize                   = 64                                        {product} {ergonomic}
   size_t InitialHeapSize                          = 100663296                                 {product} {ergonomic}
   size_t MarkStackSize                            = 4194304                                   {product} {ergonomic}
   size_t MaxHeapSize                              = 1589641216                                {product} {ergonomic}
   size_t MaxNewSize                               = 953155584                                 {product} {ergonomic}
   size_t MinHeapDeltaBytes                        = 1048576                                   {product} {ergonomic}
   size_t MinHeapSize                              = 8388608                                   {product} {ergonomic}
    uintx NonNMethodCodeHeapSize                   = 5832780                                {pd product} {ergonomic}
    uintx NonProfiledCodeHeapSize                  = 122912730                              {pd product} {ergonomic}
    uintx ProfiledCodeHeapSize                     = 122912730                              {pd product} {ergonomic}
    uintx ReservedCodeCacheSize                    = 251658240                              {pd product} {ergonomic}
     bool SegmentedCodeCache                       = true                                      {product} {ergonomic}
     bool ShowCodeDetailsInExceptionMessages       = true                                   {manageable} {command line}
   size_t SoftMaxHeapSize                          = 1589641216                             {manageable} {ergonomic}
     bool UseCompressedClassPointers               = true                           {product lp64_product} {ergonomic}
     bool UseCompressedOops                        = true                           {product lp64_product} {ergonomic}
     bool UseG1GC                                  = true                                      {product} {ergonomic}
     bool UseLargePagesIndividualAllocation        = false                                  {pd product} {ergonomic}

Logging:
Log output configuration:
 #0: stdout all=warning uptime,level,tags
 #1: stderr all=off uptime,level,tags

Environment Variables:
PATH=C:/Users/Usuario/.p2/pool/plugins/org.eclipse.justj.openjdk.hotspot.jre.full.win32.x86_64_17.0.3.v20220515-1416/jre/bin/server;C:/Users/Usuario/.p2/pool/plugins/org.eclipse.justj.openjdk.hotspot.jre.full.win32.x86_64_17.0.3.v20220515-1416/jre/bin;D:\Program Files\bin\;C:\Program Files\Common Files\Oracle\Java\javapath;C:\WINDOWS\system32;C:\WINDOWS;C:\WINDOWS\System32\Wbem;C:\WINDOWS\System32\WindowsPowerShell\v1.0\;C:\WINDOWS\System32\OpenSSH\;C:\Users\Usuario\Documents\project_CB\Proyecto;C:\Program Files\Git\cmd;C:\Users\Usuario\AppData\Local\Microsoft\WindowsApps;D:\Program Files\CodeBlocks\MinGW\bin;C:\Users\Usuario\AppData\Local\GitHubDesktop\bin;C:\WINDOWS\System32;
USERNAME=Usuario
OS=Windows_NT
PROCESSOR_IDENTIFIER=AMD64 Family 23 Model 24 Stepping 1, AuthenticAMD



---------------  S Y S T E M  ---------------

OS:
 Windows 11 , 64 bit Build 22621 (10.0.22621.3085)
OS uptime: 9 days 3:38 hours

CPU: total 4 (initial active 4) (4 cores per cpu, 2 threads per core) family 23 model 24 stepping 1 microcode 0x0, cx8, cmov, fxsr, ht, mmx, 3dnowpref, sse, sse2, sse3, ssse3, sse4a, sse4.1, sse4.2, popcnt, lzcnt, tsc, tscinvbit, avx, avx2, aes, clmul, bmi1, bmi2, adx, sha, fma, vzeroupper, clflush, clflushopt

Memory: 4k page, system-wide physical 6058M (384M free)
TotalPageFile size 8106M (AvailPageFile size 4M)
current process WorkingSet (physical memory assigned to process): 134M, peak: 134M
current process commit charge ("private bytes"): 246M, peak: 247M

vm_info: OpenJDK 64-Bit Server VM (17.0.3+7) for windows-amd64 JRE (17.0.3+7), built on Apr 19 2022 16:55:35 by "" with MS VC++ 16.7 (VS2019)

END.
